=== Starting diagnose ===
==============
Suite: connectivity-datadog-autodiscovery
1. --------------
  PASS Alibaba Metadata availability
  Diagnosis: [Ignore if not applied] Alibaba HostAliases: unable to query metadata endpoint: Get "http://100.100.100.200/latest/meta-data/instance-id": context deadline exceeded (Client.Timeout exceeded while awaiting headers)

2. --------------
  PASS Azure Metadata availability
  Diagnosis: [Ignore if not applied] Azure HostAliases: unable to query metadata endpoint: Get "http://169.254.169.254/metadata/instance/compute/vmId?api-version=2021-02-01&format=text": dial tcp 169.254.169.254:80: connect: connection refused

3. --------------
  PASS CRI availability
  Diagnosis: [Ignore if not applied] temporary failure in criutil, will retry later: try delay not elapsed yet

4. --------------
  PASS Cluster Agent availability
  Diagnosis: Successfully connected to Cluster Agent availability environment

5. --------------
  PASS Containerd availability
  Diagnosis: [Ignore if not applied] temporary failure in containerdutil, will retry later: failed to dial "/var/run/containerd/containerd.sock": context deadline exceeded: connection error: desc = "transport: error while dialing: dial unix:///var/run/containerd/containerd.sock: timeout"

6. --------------
  PASS Docker availability
  Diagnosis: Successfully connected to Docker availability environment

7. --------------
  PASS EC2 Metadata availability
  Diagnosis: [Ignore if not applied] Get "http://169.254.169.254/latest/meta-data/hostname": dial tcp 169.254.169.254:80: connect: connection refused

8. --------------
  PASS ECS Fargate Metadata availability
  Diagnosis: [Ignore if not applied] error while initializing ECS metadata V2 client: temporary failure in ecsutil-meta-v2, will retry later: Get "http://169.254.170.2/v2/metadata": context deadline exceeded (Client.Timeout exceeded while awaiting headers)

9. --------------
  PASS ECS Metadata availability
  Diagnosis: [Ignore if not applied] temporary failure in ecsutil-meta-v1, will retry later: could not detect ECS agent, tried URLs: [http://10.244.0.1:51678/ http://169.254.172.1:51678/ http://localhost:51678/]

10. --------------
  PASS ECS Metadata with tags availability
  Diagnosis: [Ignore if not applied] temporary failure in ecsutil-meta-v3-or-v4, will retry later: Could not initialize client: missing metadata v3 URL

11. --------------
  PASS GCE Metadata availability
  Diagnosis: [Ignore if not applied] unable to retrieve hostname from GCE: GCE metadata API error: Get "http://169.254.169.254/computeMetadata/v1/instance/hostname": dial tcp 169.254.169.254:80: connect: connection refused

12. --------------
  PASS IBM cloud Metadata availability
  Diagnosis: [Ignore if not applied] IBM HostAliases: unable to get a token: Put "http://169.254.169.254/instance_identity/v1/token?version=2022-03-08": dial tcp 169.254.169.254:80: connect: connection refused

13. --------------
  PASS Kubelet availability
  Diagnosis: Successfully connected to Kubelet availability environment

14. --------------
  PASS Kubernetes API Server availability
  Diagnosis: Successfully connected to Kubernetes API Server availability environment

15. --------------
  PASS OracleCloud Metadata availability
  Diagnosis: [Ignore if not applied] Oracle HostAliases: unable to query metadata endpoint: Get "http://169.254.169.254/opc/v2/instance/id": dial tcp 169.254.169.254:80: connect: connection refused

16. --------------
  PASS Tencent Metadata availability
  Diagnosis: [Ignore if not applied] unable to get TencentCloud CVM instanceID: cloud provider is disabled by configuration

==============
Suite: connectivity-datadog-core-endpoints
17. --------------
  PASS HTTPS connectivity to https://agent-http-intake.logs.datadoghq.com./api/v2/logs
  Diagnosis: Connectivity to `https://agent-http-intake.logs.datadoghq.com./api/v2/logs` is Ok

18. --------------
  PASS Connectivity to https://app.datadoghq.com./api/v1/series
  Diagnosis: 
...Retrieving or creating a new connection
...Starting DNS lookup to resolve app.datadoghq.com.
...DNS Lookup: OK
...Starting a new connection
...Connection to the endpoint: OK
...Starting TLS Handshake
...TLS Handshake: OK
Connectivity to `https://app.datadoghq.com./api/v1/series` is Ok
Received status code 202 from the endpoint

19. --------------
  PASS Connectivity to https://app.datadoghq.com./api/v1/check_run
  Diagnosis: 
...Retrieving or creating a new connection
...Reusing a previous connection that was idle for 10.761292ms
Connectivity to `https://app.datadoghq.com./api/v1/check_run` is Ok
Received status code 202 from the endpoint

20. --------------
  PASS Connectivity to https://app.datadoghq.com./intake/
  Diagnosis: 
...Retrieving or creating a new connection
...Reusing a previous connection that was idle for 98.208µs
Connectivity to `https://app.datadoghq.com./intake/` is Ok
Received status code 202 from the endpoint

21. --------------
  PASS Connectivity to https://app.datadoghq.com./api/v1/validate
  Diagnosis: 
...Retrieving or creating a new connection
...Reusing a previous connection that was idle for 58.625µs
Connectivity to `https://app.datadoghq.com./api/v1/validate` is Ok
Received status code 200 from the endpoint

22. --------------
  PASS Connectivity to https://app.datadoghq.com./api/v1/metadata
  Diagnosis: 
...Retrieving or creating a new connection
...Reusing a previous connection that was idle for 148.375µs
Connectivity to `https://app.datadoghq.com./api/v1/metadata` is Ok
Received status code 202 from the endpoint

23. --------------
  PASS Connectivity to https://app.datadoghq.com./api/v2/series
  Diagnosis: 
...Retrieving or creating a new connection
...Reusing a previous connection that was idle for 34.334µs
Connectivity to `https://app.datadoghq.com./api/v2/series` is Ok
Received status code 202 from the endpoint

24. --------------
  PASS Connectivity to https://app.datadoghq.com./api/beta/sketches
  Diagnosis: 
...Retrieving or creating a new connection
...Reusing a previous connection that was idle for 45.458µs
Connectivity to `https://app.datadoghq.com./api/beta/sketches` is Ok
Received status code 202 from the endpoint

25. --------------
  PASS Connectivity to https://7-75-4-flare.agent.datadoghq.com./support/flare
  Diagnosis: Connectivity to `https://7-75-4-flare.agent.datadoghq.com./support/flare` is Ok
Received status code 307 from the endpoint

==============
Suite: connectivity-datadog-event-platform
26. --------------
  PASS [DBM] Connectivity to https://dbm-metrics-intake.datadoghq.com./api/v2/databasequery
  Diagnosis: Connectivity to `https://dbm-metrics-intake.datadoghq.com./api/v2/databasequery` is Ok

27. --------------
  PASS [DBM] Connectivity to https://dbm-metrics-intake.datadoghq.com./api/v2/dbmmetrics
  Diagnosis: Connectivity to `https://dbm-metrics-intake.datadoghq.com./api/v2/dbmmetrics` is Ok

28. --------------
  PASS Connectivity to https://dbm-metrics-intake.datadoghq.com./api/v2/dbmmetadata
  Diagnosis: Connectivity to `https://dbm-metrics-intake.datadoghq.com./api/v2/dbmmetadata` is Ok

29. --------------
  PASS [DBM] Connectivity to https://dbm-metrics-intake.datadoghq.com./api/v2/dbmactivity
  Diagnosis: Connectivity to `https://dbm-metrics-intake.datadoghq.com./api/v2/dbmactivity` is Ok

30. --------------
  PASS Connectivity to https://dbm-metrics-intake.datadoghq.com./api/v2/dbmhealth
  Diagnosis: Connectivity to `https://dbm-metrics-intake.datadoghq.com./api/v2/dbmhealth` is Ok

31. --------------
  PASS [NDM] Connectivity to https://ndm-intake.datadoghq.com./api/v2/ndm
  Diagnosis: Connectivity to `https://ndm-intake.datadoghq.com./api/v2/ndm` is Ok

32. --------------
  PASS [NDM] Connectivity to https://snmp-traps-intake.datadoghq.com./api/v2/ndmtraps
  Diagnosis: Connectivity to `https://snmp-traps-intake.datadoghq.com./api/v2/ndmtraps` is Ok

33. --------------
  PASS [NDM] Connectivity to https://ndmflow-intake.datadoghq.com./api/v2/ndmflow
  Diagnosis: Connectivity to `https://ndmflow-intake.datadoghq.com./api/v2/ndmflow` is Ok

34. --------------
  PASS [Network Path] Connectivity to https://netpath-intake.datadoghq.com./api/v2/netpath
  Diagnosis: Connectivity to `https://netpath-intake.datadoghq.com./api/v2/netpath` is Ok

35. --------------
  PASS [Network Config Management] Connectivity to https://ndm-intake.datadoghq.com./api/v2/ndmconfig
  Diagnosis: Connectivity to `https://ndm-intake.datadoghq.com./api/v2/ndmconfig` is Ok

36. --------------
  PASS [Container] Connectivity to https://contlcycle-intake.datadoghq.com./api/v2/contlcycle
  Diagnosis: Connectivity to `https://contlcycle-intake.datadoghq.com./api/v2/contlcycle` is Ok

37. --------------
  PASS [Container] Connectivity to https://contimage-intake.datadoghq.com./api/v2/contimage
  Diagnosis: Connectivity to `https://contimage-intake.datadoghq.com./api/v2/contimage` is Ok

38. --------------
  PASS [SBOM] Connectivity to https://sbom-intake.datadoghq.com./api/v2/sbom
  Diagnosis: Connectivity to `https://sbom-intake.datadoghq.com./api/v2/sbom` is Ok

39. --------------
  PASS [Synthetics] Connectivity to https://http-synthetics.datadoghq.com./api/v2/synthetics
  Diagnosis: Connectivity to `https://http-synthetics.datadoghq.com./api/v2/synthetics` is Ok

40. --------------
  PASS [Data Streams] Connectivity to https://trace.agent.datadoghq.com./api/v2/data_streams_messages
  Diagnosis: Connectivity to `https://trace.agent.datadoghq.com./api/v2/data_streams_messages` is Ok

==============
Suite: port-conflict
41. --------------
  PASS admission_controller.port
  Diagnosis: Required port 8000 is not used

42. --------------
  PASS apm_config.debug.port
  Diagnosis: Required port 5012 is used by 'trace-agent' process (PID=55992) for tcp

43. --------------
  PASS apm_config.receiver_port
  Diagnosis: Required port 8126 is used by 'trace-agent' process (PID=55992) for tcp

44. --------------
  PASS appsec.proxy.processor.port
  Diagnosis: Required port 443 is not used

45. --------------
  PASS clc_runner_port
  Diagnosis: Required port 5005 is not used

46. --------------
  PASS cluster_agent.cmd_port
  Diagnosis: Required port 5005 is not used

47. --------------
  PASS cluster_checks.clc_runners_port
  Diagnosis: Required port 5005 is not used

48. --------------
  PASS cmd_port
  Diagnosis: Required port 5001 is used by 'agent' process (PID=55939) for tcp

49. --------------
  PASS dogstatsd_port
  Diagnosis: Required port 8125 is used by 'agent' process (PID=55939) for udp

50. --------------
  PASS dogstatsd_stats_port
  Diagnosis: Required port 5000 is not used

51. --------------
  PASS expvar_port
  Diagnosis: Required port 6000 is used by 'agent' process (PID=55939) for tcp

52. --------------
  PASS external_metrics_provider.port
  Diagnosis: Required port 8443 is not used

53. --------------
  PASS fips.port_range_start
  Diagnosis: Required port 9803 is not used

54. --------------
  PASS health_port
  Diagnosis: Required port 5555 is used by 'agent' process (PID=55939) for tcp

55. --------------
  PASS kubernetes_http_kubelet_port
  Diagnosis: Required port 10255 is not used

56. --------------
  PASS kubernetes_https_kubelet_port
  Diagnosis: Required port 10250 is not used

57. --------------
  PASS logs_config.dd_port
  Diagnosis: Required port 10516 is not used

58. --------------
  PASS metrics_port
  Diagnosis: Required port 5000 is not used

59. --------------
  PASS network_devices.snmp_traps.port
  Diagnosis: Required port 9162 is not used

60. --------------
  PASS otlp_config.traces.internal_port
  Diagnosis: Required port 5003 is not used

61. --------------
  PASS process_config.cmd_port
  Diagnosis: Required port 6162 is used by 'process-agent' process (PID=56054) for tcp

62. --------------
  PASS process_config.expvar_port
  Diagnosis: Required port 6062 is used by 'process-agent' process (PID=56054) for tcp

63. --------------
  PASS process_config.language_detection.grpc_port
  Diagnosis: Required port 6262 is not used

64. --------------
  PASS security_agent.cmd_port
  Diagnosis: Required port 5010 is not used

65. --------------
  PASS security_agent.expvar_port
  Diagnosis: Required port 5011 is not used

-------------------------
  Total:65, Success:65