Found the following envvars:
 -  DD_CSI_ENABLED=false
 -  DD_PROCESS_CONFIG_CONTAINER_COLLECTION_ENABLED=true
 -  DD_STRIP_PROCESS_ARGS=false
 -  DD_STRIP_PROCESS_ARGS=false
 -  DD_DOGSTATSD_NON_LOCAL_TRAFFIC=true
 -  DD_APM_ENABLED=true
 -  DD_APM_ENABLED=true
 -  DD_LOGS_CONFIG_CONTAINER_COLLECT_ALL=true
 -  DD_CONTAINER_LIFECYCLE_ENABLED=true
 -  DD_LANGUAGE_DETECTION_ENABLED=false
 -  DD_CLUSTER_AGENT_ENABLED=true
 -  DD_INSTRUMENTATION_INSTALL_TYPE=k8s_manual
 -  DD_CHECKS_TAG_CARDINALITY=orchestrator
 -  DD_KUBELET_CORE_CHECK_ENABLED=true
 -  DD_SYSTEM_PROBE_ENABLED=true
 -  DD_OTLP_CONFIG_LOGS_ENABLED=false
 -  DD_PROCESS_AGENT_DISCOVERY_ENABLED=true
 -  DD_DOGSTATSD_SOCKET=/var/run/datadog/dsd.socket
 -  DD_APM_RECEIVER_PORT=8126
 -  DD_APM_RECEIVER_PORT=8126
 -  DD_INSTRUMENTATION_INSTALL_ID=474ce7d2-af98-42cf-820a-bf04793735a8
 -  DD_HEALTH_PORT=5555
 -  DD_EXTRA_CONFIG_PROVIDERS=clusterchecks endpointschecks
 -  DD_IGNORE_AUTOCONF=kubernetes_state
 -  DD_REMOTE_CONFIGURATION_ENABLED=true
 -  DD_LOG_LEVEL=INFO
 -  DD_LOGS_CONFIG_K8S_CONTAINER_USE_FILE=true
 -  DD_LOGS_CONFIG_AUTO_MULTI_LINE_DETECTION=false
 -  DD_CONTAINER_IMAGE_ENABLED=true
 -  DD_KUBELET_USE_API_SERVER=false
 -  DD_PROCESS_CONFIG_PROCESS_COLLECTION_ENABLED=true
 -  DD_DOGSTATSD_TAG_CARDINALITY=low
 -  DD_APM_NON_LOCAL_TRAFFIC=true
 -  DD_APM_NON_LOCAL_TRAFFIC=true
 -  DD_APM_RECEIVER_SOCKET=/var/run/datadog/apm.socket
 -  DD_APM_RECEIVER_SOCKET=/var/run/datadog/apm.socket
 -  DD_ORCHESTRATOR_EXPLORER_ENABLED=true
 -  DD_KUBERNETES_KUBELET_PODRESOURCES_SOCKET=/var/lib/kubelet/pod-resources/kubelet.sock
 -  DD_LANGUAGE_DETECTION_REPORTING_ENABLED=false
 -  DD_PROCESS_CONFIG_RUN_IN_CORE_AGENT_ENABLED=true
 -  DD_INSTRUMENTATION_INSTALL_TIME=1772131598
 -  DD_LOGS_ENABLED=true
 -  DD_EXPVAR_PORT=6000
 -  DD_ORCHESTRATOR_EXPLORER_KUBELET_CONFIG_CHECK_ENABLED=true
 -  DD_KUBERNETES_KUBELET_HOST=172.17.0.2
 -  DD_DOGSTATSD_PORT=8125
 -  DD_CLUSTER_AGENT_KUBERNETES_SERVICE_NAME=datadog-cluster-agent
 -  DD_COMPLIANCE_CONFIG_ENABLED=false
 -  DD_SYSTEM_PROBE_NETWORK_ENABLED=true
 -  DD_KUBELET_TLS_VERIFY=false
 -  DD_CLUSTER_NAME=very-good-startup-cluster
 -  DD_SECRET_BACKEND_COMMAND_ALLOW_GROUP_EXEC_PERM=true
 -  HOST_PROC=/host/proc
 -  HOST_ETC=/host/etc
 -  DOCKER_HOST=unix:///host/var/run/docker.sock