WorkloadMetaExtractor__diffs_dropped 0
WorkloadMetaExtractor__invalid_version_errors 0
WorkloadMetaExtractor__stale_diffs 0
WorkloadMetaExtractor__stream_send_errors 0
aggregator__channel_size{shard="0"} 0
aggregator__checks_filtered_metrics 0
aggregator__dogstatsd_contexts{shard="0"} 172
aggregator__dogstatsd_contexts_by_mtype{metric_type="Count",shard="0"} 0
aggregator__dogstatsd_contexts_by_mtype{metric_type="Counter",shard="0"} 146
aggregator__dogstatsd_contexts_by_mtype{metric_type="Gauge",shard="0"} 26
aggregator__dogstatsd_contexts_bytes_by_mtype{bytes_kind="data",metric_type="Count",shard="0"} 0
aggregator__dogstatsd_contexts_bytes_by_mtype{bytes_kind="data",metric_type="Counter",shard="0"} 13975
aggregator__dogstatsd_contexts_bytes_by_mtype{bytes_kind="data",metric_type="Gauge",shard="0"} 1701
aggregator__dogstatsd_contexts_bytes_by_mtype{bytes_kind="struct",metric_type="Count",shard="0"} 0
aggregator__dogstatsd_contexts_bytes_by_mtype{bytes_kind="struct",metric_type="Counter",shard="0"} 10512
aggregator__dogstatsd_contexts_bytes_by_mtype{bytes_kind="struct",metric_type="Gauge",shard="0"} 1872
aggregator__dogstatsd_filtered_metrics 0
aggregator__dogstatsd_time_buckets{shard="0"} 1
aggregator__flush{data_type="container-images",state="ok"} 3
aggregator__flush{data_type="container-lifecycle",state="ok"} 1
aggregator__flush{data_type="events",state="ok"} 8
aggregator__flush{data_type="series",state="ok"} 121807
aggregator__flush{data_type="service_checks",state="ok"} 84
aggregator__processed{data_type="container-images",shard=""} 3
aggregator__processed{data_type="container-lifecycle",shard=""} 1
aggregator__processed{data_type="dogstatsd_metrics",shard="0"} 1962
aggregator__processed{data_type="events",shard=""} 8
aggregator__processed{data_type="metrics",shard=""} 127454
aggregator__processed{data_type="service_checks",shard=""} 77
aggregator_tags_store__entries{cache_instance_name="aggregator"} 15103
aggregator_tags_store__entries{cache_instance_name="timesampler #0"} 59
aggregator_tags_store__hits_total{cache_instance_name="aggregator"} 21828
aggregator_tags_store__hits_total{cache_instance_name="timesampler #0"} 286
aggregator_tags_store__max_entries{cache_instance_name="aggregator"} 15423
aggregator_tags_store__max_entries{cache_instance_name="timesampler #0"} 60
aggregator_tags_store__miss_total{cache_instance_name="aggregator"} 15426
aggregator_tags_store__miss_total{cache_instance_name="timesampler #0"} 60
aggregator_tags_store__tagset_max_tags{cache_instance_name="aggregator"} 29
aggregator_tags_store__tagset_max_tags{cache_instance_name="timesampler #0"} 5
aggregator_tags_store__tagset_min_tags{cache_instance_name="aggregator"} 0
aggregator_tags_store__tagset_min_tags{cache_instance_name="timesampler #0"} 0
aggregator_tags_store__tagset_refs_count{cache_instance_name="aggregator",ge="1"} 14064
aggregator_tags_store__tagset_refs_count{cache_instance_name="aggregator",ge="16"} 3
aggregator_tags_store__tagset_refs_count{cache_instance_name="aggregator",ge="2"} 806
aggregator_tags_store__tagset_refs_count{cache_instance_name="aggregator",ge="3"} 27
aggregator_tags_store__tagset_refs_count{cache_instance_name="aggregator",ge="32"} 16
aggregator_tags_store__tagset_refs_count{cache_instance_name="aggregator",ge="4"} 154
aggregator_tags_store__tagset_refs_count{cache_instance_name="aggregator",ge="64"} 2
aggregator_tags_store__tagset_refs_count{cache_instance_name="aggregator",ge="8"} 31
aggregator_tags_store__tagset_refs_count{cache_instance_name="timesampler #0",ge="1"} 15
aggregator_tags_store__tagset_refs_count{cache_instance_name="timesampler #0",ge="16"} 1
aggregator_tags_store__tagset_refs_count{cache_instance_name="timesampler #0",ge="2"} 40
aggregator_tags_store__tagset_refs_count{cache_instance_name="timesampler #0",ge="3"} 0
aggregator_tags_store__tagset_refs_count{cache_instance_name="timesampler #0",ge="32"} 0
aggregator_tags_store__tagset_refs_count{cache_instance_name="timesampler #0",ge="4"} 0
aggregator_tags_store__tagset_refs_count{cache_instance_name="timesampler #0",ge="64"} 1
aggregator_tags_store__tagset_refs_count{cache_instance_name="timesampler #0",ge="8"} 2
aggregator_tags_store__tagset_sum_tags{cache_instance_name="aggregator"} 270477
aggregator_tags_store__tagset_sum_tags{cache_instance_name="timesampler #0"} 185
aggregator_tags_store__tagset_sum_tags_bytes{bytes_kind="data",cache_instance_name="aggregator"} 7.865348e+06
aggregator_tags_store__tagset_sum_tags_bytes{bytes_kind="data",cache_instance_name="timesampler #0"} 2484
aggregator_tags_store__tagset_sum_tags_bytes{bytes_kind="struct",cache_instance_name="aggregator"} 4.810928e+06
aggregator_tags_store__tagset_sum_tags_bytes{bytes_kind="struct",cache_instance_name="timesampler #0"} 4848
api_server__request_duration_seconds_bucket{auth="mTLS",method="GET",path="/agent/status",servername="CMD",status_code="200",le="0.005"} 0
api_server__request_duration_seconds_bucket{auth="mTLS",method="GET",path="/agent/status",servername="CMD",status_code="200",le="0.01"} 0
api_server__request_duration_seconds_bucket{auth="mTLS",method="GET",path="/agent/status",servername="CMD",status_code="200",le="0.025"} 0
api_server__request_duration_seconds_bucket{auth="mTLS",method="GET",path="/agent/status",servername="CMD",status_code="200",le="0.05"} 1
api_server__request_duration_seconds_bucket{auth="mTLS",method="GET",path="/agent/status",servername="CMD",status_code="200",le="0.1"} 2
api_server__request_duration_seconds_bucket{auth="mTLS",method="GET",path="/agent/status",servername="CMD",status_code="200",le="0.25"} 2
api_server__request_duration_seconds_bucket{auth="mTLS",method="GET",path="/agent/status",servername="CMD",status_code="200",le="0.5"} 2
api_server__request_duration_seconds_bucket{auth="mTLS",method="GET",path="/agent/status",servername="CMD",status_code="200",le="1"} 2
api_server__request_duration_seconds_bucket{auth="mTLS",method="GET",path="/agent/status",servername="CMD",status_code="200",le="2.5"} 2
api_server__request_duration_seconds_bucket{auth="mTLS",method="GET",path="/agent/status",servername="CMD",status_code="200",le="5"} 2
api_server__request_duration_seconds_bucket{auth="mTLS",method="GET",path="/agent/status",servername="CMD",status_code="200",le="10"} 2
api_server__request_duration_seconds_bucket{auth="mTLS",method="GET",path="/agent/status",servername="CMD",status_code="200",le="+Inf"} 2
api_server__request_duration_seconds_sum{auth="mTLS",method="GET",path="/agent/status",servername="CMD",status_code="200"} 0.132134666
api_server__request_duration_seconds_count{auth="mTLS",method="GET",path="/agent/status",servername="CMD",status_code="200"} 2
api_server__request_duration_seconds_bucket{auth="mTLS",method="GET",path="/agent/tagger-list",servername="CMD",status_code="200",le="0.005"} 1
api_server__request_duration_seconds_bucket{auth="mTLS",method="GET",path="/agent/tagger-list",servername="CMD",status_code="200",le="0.01"} 1
api_server__request_duration_seconds_bucket{auth="mTLS",method="GET",path="/agent/tagger-list",servername="CMD",status_code="200",le="0.025"} 1
api_server__request_duration_seconds_bucket{auth="mTLS",method="GET",path="/agent/tagger-list",servername="CMD",status_code="200",le="0.05"} 1
api_server__request_duration_seconds_bucket{auth="mTLS",method="GET",path="/agent/tagger-list",servername="CMD",status_code="200",le="0.1"} 1
api_server__request_duration_seconds_bucket{auth="mTLS",method="GET",path="/agent/tagger-list",servername="CMD",status_code="200",le="0.25"} 1
api_server__request_duration_seconds_bucket{auth="mTLS",method="GET",path="/agent/tagger-list",servername="CMD",status_code="200",le="0.5"} 1
api_server__request_duration_seconds_bucket{auth="mTLS",method="GET",path="/agent/tagger-list",servername="CMD",status_code="200",le="1"} 1
api_server__request_duration_seconds_bucket{auth="mTLS",method="GET",path="/agent/tagger-list",servername="CMD",status_code="200",le="2.5"} 1
api_server__request_duration_seconds_bucket{auth="mTLS",method="GET",path="/agent/tagger-list",servername="CMD",status_code="200",le="5"} 1
api_server__request_duration_seconds_bucket{auth="mTLS",method="GET",path="/agent/tagger-list",servername="CMD",status_code="200",le="10"} 1
api_server__request_duration_seconds_bucket{auth="mTLS",method="GET",path="/agent/tagger-list",servername="CMD",status_code="200",le="+Inf"} 1
api_server__request_duration_seconds_sum{auth="mTLS",method="GET",path="/agent/tagger-list",servername="CMD",status_code="200"} 0.000249167
api_server__request_duration_seconds_count{auth="mTLS",method="GET",path="/agent/tagger-list",servername="CMD",status_code="200"} 1
api_server__request_duration_seconds_bucket{auth="mTLS",method="GET",path="/agent/workload-list",servername="CMD",status_code="200",le="0.005"} 0
api_server__request_duration_seconds_bucket{auth="mTLS",method="GET",path="/agent/workload-list",servername="CMD",status_code="200",le="0.01"} 1
api_server__request_duration_seconds_bucket{auth="mTLS",method="GET",path="/agent/workload-list",servername="CMD",status_code="200",le="0.025"} 1
api_server__request_duration_seconds_bucket{auth="mTLS",method="GET",path="/agent/workload-list",servername="CMD",status_code="200",le="0.05"} 1
api_server__request_duration_seconds_bucket{auth="mTLS",method="GET",path="/agent/workload-list",servername="CMD",status_code="200",le="0.1"} 1
api_server__request_duration_seconds_bucket{auth="mTLS",method="GET",path="/agent/workload-list",servername="CMD",status_code="200",le="0.25"} 1
api_server__request_duration_seconds_bucket{auth="mTLS",method="GET",path="/agent/workload-list",servername="CMD",status_code="200",le="0.5"} 1
api_server__request_duration_seconds_bucket{auth="mTLS",method="GET",path="/agent/workload-list",servername="CMD",status_code="200",le="1"} 1
api_server__request_duration_seconds_bucket{auth="mTLS",method="GET",path="/agent/workload-list",servername="CMD",status_code="200",le="2.5"} 1
api_server__request_duration_seconds_bucket{auth="mTLS",method="GET",path="/agent/workload-list",servername="CMD",status_code="200",le="5"} 1
api_server__request_duration_seconds_bucket{auth="mTLS",method="GET",path="/agent/workload-list",servername="CMD",status_code="200",le="10"} 1
api_server__request_duration_seconds_bucket{auth="mTLS",method="GET",path="/agent/workload-list",servername="CMD",status_code="200",le="+Inf"} 1
api_server__request_duration_seconds_sum{auth="mTLS",method="GET",path="/agent/workload-list",servername="CMD",status_code="200"} 0.009328334
api_server__request_duration_seconds_count{auth="mTLS",method="GET",path="/agent/workload-list",servername="CMD",status_code="200"} 1
autodiscovery_errors{provider="file"} 0
autodiscovery_errors{provider="kubernetes-container-allinone"} 0
autodiscovery_poll_duration_bucket{provider="cluster-checks",le="0.005"} 1
autodiscovery_poll_duration_bucket{provider="cluster-checks",le="0.01"} 1
autodiscovery_poll_duration_bucket{provider="cluster-checks",le="0.025"} 1
autodiscovery_poll_duration_bucket{provider="cluster-checks",le="0.05"} 1
autodiscovery_poll_duration_bucket{provider="cluster-checks",le="0.1"} 1
autodiscovery_poll_duration_bucket{provider="cluster-checks",le="0.25"} 1
autodiscovery_poll_duration_bucket{provider="cluster-checks",le="0.5"} 1
autodiscovery_poll_duration_bucket{provider="cluster-checks",le="1"} 1
autodiscovery_poll_duration_bucket{provider="cluster-checks",le="2.5"} 1
autodiscovery_poll_duration_bucket{provider="cluster-checks",le="5"} 1
autodiscovery_poll_duration_bucket{provider="cluster-checks",le="10"} 1
autodiscovery_poll_duration_bucket{provider="cluster-checks",le="+Inf"} 1
autodiscovery_poll_duration_sum{provider="cluster-checks"} 0.000103125
autodiscovery_poll_duration_count{provider="cluster-checks"} 1
autodiscovery_poll_duration_bucket{provider="endpoints-checks",le="0.005"} 13
autodiscovery_poll_duration_bucket{provider="endpoints-checks",le="0.01"} 13
autodiscovery_poll_duration_bucket{provider="endpoints-checks",le="0.025"} 13
autodiscovery_poll_duration_bucket{provider="endpoints-checks",le="0.05"} 13
autodiscovery_poll_duration_bucket{provider="endpoints-checks",le="0.1"} 13
autodiscovery_poll_duration_bucket{provider="endpoints-checks",le="0.25"} 13
autodiscovery_poll_duration_bucket{provider="endpoints-checks",le="0.5"} 13
autodiscovery_poll_duration_bucket{provider="endpoints-checks",le="1"} 13
autodiscovery_poll_duration_bucket{provider="endpoints-checks",le="2.5"} 13
autodiscovery_poll_duration_bucket{provider="endpoints-checks",le="5"} 13
autodiscovery_poll_duration_bucket{provider="endpoints-checks",le="10"} 13
autodiscovery_poll_duration_bucket{provider="endpoints-checks",le="+Inf"} 13
autodiscovery_poll_duration_sum{provider="endpoints-checks"} 0.007799707
autodiscovery_poll_duration_count{provider="endpoints-checks"} 13
autodiscovery_poll_duration_bucket{provider="file",le="0.005"} 1
autodiscovery_poll_duration_bucket{provider="file",le="0.01"} 1
autodiscovery_poll_duration_bucket{provider="file",le="0.025"} 1
autodiscovery_poll_duration_bucket{provider="file",le="0.05"} 1
autodiscovery_poll_duration_bucket{provider="file",le="0.1"} 1
autodiscovery_poll_duration_bucket{provider="file",le="0.25"} 1
autodiscovery_poll_duration_bucket{provider="file",le="0.5"} 1
autodiscovery_poll_duration_bucket{provider="file",le="1"} 1
autodiscovery_poll_duration_bucket{provider="file",le="2.5"} 1
autodiscovery_poll_duration_bucket{provider="file",le="5"} 1
autodiscovery_poll_duration_bucket{provider="file",le="10"} 1
autodiscovery_poll_duration_bucket{provider="file",le="+Inf"} 1
autodiscovery_poll_duration_sum{provider="file"} 7.1792e-05
autodiscovery_poll_duration_count{provider="file"} 1
autodiscovery_scheduled_configs{provider="file",type="check"} 27
autodiscovery_scheduled_configs{provider="file",type="clustercheck"} 1
autodiscovery_scheduled_configs{provider="kubernetes-container-allinone",type="check"} 1
autodiscovery_scheduled_configs{provider="kubernetes-container-allinone",type="logs"} 19
autodiscovery_watched_resources{kind="container",listener="ad-kubeletlistener"} 19
autodiscovery_watched_resources{kind="kubernetes_pod",listener="ad-kubeletlistener"} 12
check__ntp_offset 0.033570312000000005
check_metrics__active_metrics{stateful="false"} 15425
check_metrics__active_metrics{stateful="sum"} 17594
check_metrics__active_metrics{stateful="true"} 2169
check_metrics__created_total{stateful="false"} 15869
check_metrics__created_total{stateful="sum"} 18627
check_metrics__created_total{stateful="true"} 2758
check_metrics__expired_total{stateful="false"} 317
check_metrics__expired_total{stateful="sum"} 943
check_metrics__expired_total{stateful="true"} 626
check_metrics__removed_total{stateful="false"} 317
check_metrics__removed_total{stateful="sum"} 317
check_metrics__removed_total{stateful="true"} 0
check_metrics__total_metrics{stateful="false"} 15425
check_metrics__total_metrics{stateful="sum"} 18163
check_metrics__total_metrics{stateful="true"} 2738
check_metrics__waiting_metrics{stateful="false"} 0
check_metrics__waiting_metrics{stateful="sum"} 569
check_metrics__waiting_metrics{stateful="true"} 569
checks__delay{check_name="container"} 0
checks__delay{check_name="container_image"} 0
checks__delay{check_name="container_lifecycle"} 0.000239548
checks__delay{check_name="coredns"} 0
checks__delay{check_name="cpu"} 0
checks__delay{check_name="datadog_cluster_agent"} 0
checks__delay{check_name="discovery"} 0.000798526
checks__delay{check_name="disk"} 0.044356548
checks__delay{check_name="docker"} 0
checks__delay{check_name="file_handle"} 0.002668173
checks__delay{check_name="io"} 0.037800173
checks__delay{check_name="kube_apiserver_metrics"} 0.083302465
checks__delay{check_name="kubelet"} 7.0384e-05
checks__delay{check_name="load"} 0.013942424
checks__delay{check_name="memory"} 0.004169674
checks__delay{check_name="network"} 0.04059409
checks__delay{check_name="ntp"} 0
checks__delay{check_name="orchestrator_kubelet_config"} 0
checks__delay{check_name="orchestrator_pod"} 0.009385842
checks__delay{check_name="redisdb"} 0
checks__delay{check_name="telemetry"} 0
checks__delay{check_name="uptime"} 0.083751133
checks__events{check_name="docker"} 7
checks__execution_time{check_loader="core",check_name="container"} 11
checks__execution_time{check_loader="core",check_name="container_image"} 0
checks__execution_time{check_loader="core",check_name="container_lifecycle"} 0
checks__execution_time{check_loader="core",check_name="cpu"} 1
checks__execution_time{check_loader="core",check_name="discovery"} 0
checks__execution_time{check_loader="core",check_name="disk"} 5
checks__execution_time{check_loader="core",check_name="docker"} 17
checks__execution_time{check_loader="core",check_name="file_handle"} 0
checks__execution_time{check_loader="core",check_name="io"} 37
checks__execution_time{check_loader="core",check_name="kubelet"} 84
checks__execution_time{check_loader="core",check_name="load"} 0
checks__execution_time{check_loader="core",check_name="memory"} 0
checks__execution_time{check_loader="core",check_name="network"} 23
checks__execution_time{check_loader="core",check_name="ntp"} 10480
checks__execution_time{check_loader="core",check_name="orchestrator_kubelet_config"} 0
checks__execution_time{check_loader="core",check_name="orchestrator_pod"} 15
checks__execution_time{check_loader="core",check_name="telemetry"} 0
checks__execution_time{check_loader="core",check_name="uptime"} 1
checks__execution_time{check_loader="python",check_name="coredns"} 14
checks__execution_time{check_loader="python",check_name="datadog_cluster_agent"} 25
checks__execution_time{check_loader="python",check_name="kube_apiserver_metrics"} 4043
checks__execution_time{check_loader="python",check_name="redisdb"} 5
checks__metrics_samples{check_name="container"} 5016
checks__metrics_samples{check_name="coredns"} 1264
checks__metrics_samples{check_name="cpu"} 145
checks__metrics_samples{check_name="datadog_cluster_agent"} 449
checks__metrics_samples{check_name="disk"} 3536
checks__metrics_samples{check_name="docker"} 3281
checks__metrics_samples{check_name="file_handle"} 40
checks__metrics_samples{check_name="io"} 301
checks__metrics_samples{check_name="kube_apiserver_metrics"} 103446
checks__metrics_samples{check_name="kubelet"} 4014
checks__metrics_samples{check_name="load"} 48
checks__metrics_samples{check_name="memory"} 160
checks__metrics_samples{check_name="network"} 1664
checks__metrics_samples{check_name="ntp"} 1
checks__metrics_samples{check_name="redisdb"} 1197
checks__metrics_samples{check_name="telemetry"} 48
checks__metrics_samples{check_name="uptime"} 7
checks__runs{check_name="container",state="fail"} 0
checks__runs{check_name="container",state="ok"} 8
checks__runs{check_name="container_image",state="fail"} 0
checks__runs{check_name="container_image",state="ok"} 8
checks__runs{check_name="container_lifecycle",state="fail"} 0
checks__runs{check_name="container_lifecycle",state="ok"} 8
checks__runs{check_name="coredns",state="fail"} 0
checks__runs{check_name="coredns",state="ok"} 8
checks__runs{check_name="cpu",state="fail"} 0
checks__runs{check_name="cpu",state="ok"} 8
checks__runs{check_name="datadog_cluster_agent",state="fail"} 0
checks__runs{check_name="datadog_cluster_agent",state="ok"} 8
checks__runs{check_name="discovery",state="fail"} 0
checks__runs{check_name="discovery",state="ok"} 2
checks__runs{check_name="disk",state="fail"} 0
checks__runs{check_name="disk",state="ok"} 8
checks__runs{check_name="docker",state="fail"} 0
checks__runs{check_name="docker",state="ok"} 8
checks__runs{check_name="file_handle",state="fail"} 0
checks__runs{check_name="file_handle",state="ok"} 8
checks__runs{check_name="io",state="fail"} 0
checks__runs{check_name="io",state="ok"} 8
checks__runs{check_name="kube_apiserver_metrics",state="fail"} 0
checks__runs{check_name="kube_apiserver_metrics",state="ok"} 7
checks__runs{check_name="kubelet",state="fail"} 0
checks__runs{check_name="kubelet",state="ok"} 6
checks__runs{check_name="load",state="fail"} 0
checks__runs{check_name="load",state="ok"} 8
checks__runs{check_name="memory",state="fail"} 0
checks__runs{check_name="memory",state="ok"} 8
checks__runs{check_name="network",state="fail"} 0
checks__runs{check_name="network",state="ok"} 8
checks__runs{check_name="ntp",state="fail"} 0
checks__runs{check_name="ntp",state="ok"} 1
checks__runs{check_name="orchestrator_kubelet_config",state="fail"} 1
checks__runs{check_name="orchestrator_kubelet_config",state="ok"} 0
checks__runs{check_name="orchestrator_pod",state="fail"} 0
checks__runs{check_name="orchestrator_pod",state="ok"} 7
checks__runs{check_name="redisdb",state="fail"} 0
checks__runs{check_name="redisdb",state="ok"} 8
checks__runs{check_name="telemetry",state="fail"} 0
checks__runs{check_name="telemetry",state="ok"} 8
checks__runs{check_name="uptime",state="fail"} 0
checks__runs{check_name="uptime",state="ok"} 7
checks__services_checks{check_name="coredns"} 8
checks__services_checks{check_name="datadog_cluster_agent"} 8
checks__services_checks{check_name="docker"} 8
checks__services_checks{check_name="kube_apiserver_metrics"} 14
checks__services_checks{check_name="kubelet"} 30
checks__services_checks{check_name="ntp"} 1
checks__services_checks{check_name="redisdb"} 8
collector__worker_utilization{worker_name="worker_1"} 0.06372528231631064
collector__worker_utilization{worker_name="worker_2"} 0.04605415963911845
collector__worker_utilization{worker_name="worker_3"} 0.02368827503019918
collector__worker_utilization{worker_name="worker_4"} 0.09873141527076416
compressor__bytes_in 7.9373683e+07
compressor__bytes_out 3.551837e+06
compressor__total_cycles 205
compressor__total_payloads 34
container_lifecycle_emitted_events{event_type="delete",object_kind="pod"} 1
docker_emitted_events{type="error"} 3
docker_emitted_events{type="info"} 4
docker_events{action="create"} 9
docker_events{action="destroy"} 13
docker_events{action="die"} 10
docker_events{action="exec_create"} 4
docker_events{action="exec_die"} 5
docker_events{action="exec_start"} 4
docker_events{action="kill"} 6
docker_events{action="start"} 9
docker_events{action="stop"} 6
dogstatsd__channel_latency_bucket{message_type="metrics",shard="0",le="100"} 0
dogstatsd__channel_latency_bucket{message_type="metrics",shard="0",le="250"} 11
dogstatsd__channel_latency_bucket{message_type="metrics",shard="0",le="500"} 22
dogstatsd__channel_latency_bucket{message_type="metrics",shard="0",le="1000"} 27
dogstatsd__channel_latency_bucket{message_type="metrics",shard="0",le="10000"} 84
dogstatsd__channel_latency_bucket{message_type="metrics",shard="0",le="+Inf"} 103
dogstatsd__channel_latency_sum{message_type="metrics",shard="0"} 669923
dogstatsd__channel_latency_count{message_type="metrics",shard="0"} 103
dogstatsd__filterlist_size 0
dogstatsd__filterlist_updates 1
dogstatsd__listener_channel_latency_bucket{listener_id="udp",le="250"} 0
dogstatsd__listener_channel_latency_bucket{listener_id="udp",le="500"} 0
dogstatsd__listener_channel_latency_bucket{listener_id="udp",le="750"} 0
dogstatsd__listener_channel_latency_bucket{listener_id="udp",le="1000"} 2
dogstatsd__listener_channel_latency_bucket{listener_id="udp",le="10000"} 54
dogstatsd__listener_channel_latency_bucket{listener_id="udp",le="+Inf"} 76
dogstatsd__listener_channel_latency_sum{listener_id="udp"} 610537
dogstatsd__listener_channel_latency_count{listener_id="udp"} 76
dogstatsd__listener_filtered_points 0
dogstatsd__listener_read_latency_bucket{listener_id="udp",listener_type="udp",transport="udp",le="300"} 252
dogstatsd__listener_read_latency_bucket{listener_id="udp",listener_type="udp",transport="udp",le="500"} 513
dogstatsd__listener_read_latency_bucket{listener_id="udp",listener_type="udp",transport="udp",le="1000"} 639
dogstatsd__listener_read_latency_bucket{listener_id="udp",listener_type="udp",transport="udp",le="1500"} 651
dogstatsd__listener_read_latency_bucket{listener_id="udp",listener_type="udp",transport="udp",le="2000"} 653
dogstatsd__listener_read_latency_bucket{listener_id="udp",listener_type="udp",transport="udp",le="2500"} 662
dogstatsd__listener_read_latency_bucket{listener_id="udp",listener_type="udp",transport="udp",le="3000"} 667
dogstatsd__listener_read_latency_bucket{listener_id="udp",listener_type="udp",transport="udp",le="10000"} 715
dogstatsd__listener_read_latency_bucket{listener_id="udp",listener_type="udp",transport="udp",le="20000"} 731
dogstatsd__listener_read_latency_bucket{listener_id="udp",listener_type="udp",transport="udp",le="50000"} 738
dogstatsd__listener_read_latency_bucket{listener_id="udp",listener_type="udp",transport="udp",le="+Inf"} 738
dogstatsd__listener_read_latency_sum{listener_id="udp",listener_type="udp",transport="udp"} 971822
dogstatsd__listener_read_latency_count{listener_id="udp",listener_type="udp",transport="udp"} 738
dogstatsd__listener_read_latency_bucket{listener_id="uds-unixgram",listener_type="uds",transport="unixgram",le="300"} 0
dogstatsd__listener_read_latency_bucket{listener_id="uds-unixgram",listener_type="uds",transport="unixgram",le="500"} 0
dogstatsd__listener_read_latency_bucket{listener_id="uds-unixgram",listener_type="uds",transport="unixgram",le="1000"} 0
dogstatsd__listener_read_latency_bucket{listener_id="uds-unixgram",listener_type="uds",transport="unixgram",le="1500"} 0
dogstatsd__listener_read_latency_bucket{listener_id="uds-unixgram",listener_type="uds",transport="unixgram",le="2000"} 0
dogstatsd__listener_read_latency_bucket{listener_id="uds-unixgram",listener_type="uds",transport="unixgram",le="2500"} 0
dogstatsd__listener_read_latency_bucket{listener_id="uds-unixgram",listener_type="uds",transport="unixgram",le="3000"} 0
dogstatsd__listener_read_latency_bucket{listener_id="uds-unixgram",listener_type="uds",transport="unixgram",le="10000"} 1
dogstatsd__listener_read_latency_bucket{listener_id="uds-unixgram",listener_type="uds",transport="unixgram",le="20000"} 1
dogstatsd__listener_read_latency_bucket{listener_id="uds-unixgram",listener_type="uds",transport="unixgram",le="50000"} 1
dogstatsd__listener_read_latency_bucket{listener_id="uds-unixgram",listener_type="uds",transport="unixgram",le="+Inf"} 1
dogstatsd__listener_read_latency_sum{listener_id="uds-unixgram",listener_type="uds",transport="unixgram"} 3834
dogstatsd__listener_read_latency_count{listener_id="uds-unixgram",listener_type="uds",transport="unixgram"} 1
dogstatsd__metric_sample_pool 4
dogstatsd__metric_sample_pool_get 132
dogstatsd__metric_sample_pool_put 128
dogstatsd__metric_type_count{metric_type="counter"} 1681
dogstatsd__metric_type_count{metric_type="distribution"} 0
dogstatsd__metric_type_count{metric_type="gauge"} 256
dogstatsd__metric_type_count{metric_type="histogram"} 0
dogstatsd__metric_type_count{metric_type="set"} 0
dogstatsd__metric_type_count{metric_type="timing"} 0
dogstatsd__packet_pool 2
dogstatsd__packet_pool_get 82
dogstatsd__packet_pool_put 80
dogstatsd__packets_buffer_flush_timer{listener_id="udp"} 1154
dogstatsd__packets_buffer_flush_timer{listener_id="uds-unixgram"} 1160
dogstatsd__packets_buffer_size{listener_id="udp"} 0
dogstatsd__packets_buffer_size{listener_id="uds-unixgram"} 0
dogstatsd__packets_buffer_size_bytes{listener_id="udp"} 0
dogstatsd__packets_channel_packets_bytes{listener_id="udp"} 0
dogstatsd__packets_channel_packets_count{listener_id="udp"} 0
dogstatsd__packets_channel_size 0
dogstatsd__processed{message_type="metrics",origin="",state="error"} 0
dogstatsd__processed{message_type="metrics",origin="",state="ok"} 1937
dogstatsd__string_interner_bytes{interner_id="interner_0"} 4528
dogstatsd__string_interner_bytes{interner_id="interner_1"} 4429
dogstatsd__string_interner_entries{interner_id="interner_0"} 130
dogstatsd__string_interner_entries{interner_id="interner_1"} 128
dogstatsd__string_interner_hits{interner_id="interner_0"} 3363
dogstatsd__string_interner_hits{interner_id="interner_1"} 3247
dogstatsd__string_interner_miss{interner_id="interner_0"} 130
dogstatsd__string_interner_miss{interner_id="interner_1"} 128
dogstatsd__string_interner_resets{interner_id="interner_0"} 0
dogstatsd__string_interner_resets{interner_id="interner_1"} 0
dogstatsd__string_interner_str_bytes_bucket{le="1"} 2
dogstatsd__string_interner_str_bytes_bucket{le="2"} 4
dogstatsd__string_interner_str_bytes_bucket{le="4"} 10
dogstatsd__string_interner_str_bytes_bucket{le="8"} 12
dogstatsd__string_interner_str_bytes_bucket{le="16"} 49
dogstatsd__string_interner_str_bytes_bucket{le="32"} 108
dogstatsd__string_interner_str_bytes_bucket{le="64"} 252
dogstatsd__string_interner_str_bytes_bucket{le="128"} 258
dogstatsd__string_interner_str_bytes_bucket{le="+Inf"} 258
dogstatsd__string_interner_str_bytes_sum 8957
dogstatsd__string_interner_str_bytes_count 258
dogstatsd__udp_packets{state="ok"} 738
dogstatsd__udp_packets_bytes 307234
dogstatsd__uds_connections{listener_id="uds-unixgram",transport="unixgram"} 1
ecs_queries{code="0",path="/metadata"} 1
go_cgo_go_to_c_calls_calls_total 5813
go_cpu_classes_gc_mark_assist_cpu_seconds_total 0.07848754
go_cpu_classes_gc_mark_dedicated_cpu_seconds_total 0.401343708
go_cpu_classes_gc_mark_idle_cpu_seconds_total 0.572740623
go_cpu_classes_gc_pause_cpu_seconds_total 0.242230576
go_cpu_classes_gc_total_cpu_seconds_total 1.294802447
go_cpu_classes_idle_cpu_seconds_total 220.86506315
go_cpu_classes_scavenge_assist_cpu_seconds_total 0.000206876
go_cpu_classes_scavenge_background_cpu_seconds_total 0.021466288
go_cpu_classes_scavenge_total_cpu_seconds_total 0.021673164
go_cpu_classes_total_cpu_seconds_total 253.54503928000003
go_cpu_classes_user_cpu_seconds_total 31.363500519
go_gc_cycles_automatic_gc_cycles_total 44
go_gc_cycles_forced_gc_cycles_total 0
go_gc_cycles_total_gc_cycles_total 44
go_gc_duration_seconds{quantile="0"} 1.5124e-05
go_gc_duration_seconds{quantile="0.25"} 7.6666e-05
go_gc_duration_seconds{quantile="0.5"} 0.00012225
go_gc_duration_seconds{quantile="0.75"} 0.000942958
go_gc_duration_seconds{quantile="1"} 0.074359333
go_gc_duration_seconds_sum 0.146160287
go_gc_duration_seconds_count 44
go_gc_gogc_percent 100
go_gc_gomemlimit_bytes 9.223372036854776e+18
go_gc_heap_allocs_by_size_bytes_bucket{le="8.999999999999998"} 230085
go_gc_heap_allocs_by_size_bytes_bucket{le="24.999999999999996"} 3.097134e+06
go_gc_heap_allocs_by_size_bytes_bucket{le="64.99999999999999"} 5.554323e+06
go_gc_heap_allocs_by_size_bytes_bucket{le="144.99999999999997"} 6.136303e+06
go_gc_heap_allocs_by_size_bytes_bucket{le="320.99999999999994"} 6.884009e+06
go_gc_heap_allocs_by_size_bytes_bucket{le="704.9999999999999"} 7.002935e+06
go_gc_heap_allocs_by_size_bytes_bucket{le="1536.9999999999998"} 7.038102e+06
go_gc_heap_allocs_by_size_bytes_bucket{le="3200.9999999999995"} 7.051082e+06
go_gc_heap_allocs_by_size_bytes_bucket{le="6528.999999999999"} 7.076223e+06
go_gc_heap_allocs_by_size_bytes_bucket{le="13568.999999999998"} 7.078565e+06
go_gc_heap_allocs_by_size_bytes_bucket{le="27264.999999999996"} 7.080265e+06
go_gc_heap_allocs_by_size_bytes_bucket{le="+Inf"} 7.082198e+06
go_gc_heap_allocs_by_size_bytes_sum 9.43134632e+08
go_gc_heap_allocs_by_size_bytes_count 7.082198e+06
go_gc_heap_allocs_bytes_total 9.43134632e+08
go_gc_heap_allocs_objects_total 7.082198e+06
go_gc_heap_frees_by_size_bytes_bucket{le="8.999999999999998"} 226536
go_gc_heap_frees_by_size_bytes_bucket{le="24.999999999999996"} 2.875674e+06
go_gc_heap_frees_by_size_bytes_bucket{le="64.99999999999999"} 5.166143e+06
go_gc_heap_frees_by_size_bytes_bucket{le="144.99999999999997"} 5.709987e+06
go_gc_heap_frees_by_size_bytes_bucket{le="320.99999999999994"} 6.43498e+06
go_gc_heap_frees_by_size_bytes_bucket{le="704.9999999999999"} 6.543629e+06
go_gc_heap_frees_by_size_bytes_bucket{le="1536.9999999999998"} 6.577041e+06
go_gc_heap_frees_by_size_bytes_bucket{le="3200.9999999999995"} 6.589257e+06
go_gc_heap_frees_by_size_bytes_bucket{le="6528.999999999999"} 6.613676e+06
go_gc_heap_frees_by_size_bytes_bucket{le="13568.999999999998"} 6.615894e+06
go_gc_heap_frees_by_size_bytes_bucket{le="27264.999999999996"} 6.617423e+06
go_gc_heap_frees_by_size_bytes_bucket{le="+Inf"} 6.619257e+06
go_gc_heap_frees_by_size_bytes_sum 8.7993556e+08
go_gc_heap_frees_by_size_bytes_count 6.619257e+06
go_gc_heap_frees_bytes_total 8.7993556e+08
go_gc_heap_frees_objects_total 6.619257e+06
go_gc_heap_goal_bytes 9.1994362e+07
go_gc_heap_live_bytes 4.5299296e+07
go_gc_heap_objects_objects 462941
go_gc_heap_tiny_allocs_objects_total 398100
go_gc_limiter_last_enabled_gc_cycle 0
go_gc_pauses_seconds_bucket{le="6.399999999999999e-08"} 0
go_gc_pauses_seconds_bucket{le="6.399999999999999e-07"} 0
go_gc_pauses_seconds_bucket{le="7.167999999999999e-06"} 18
go_gc_pauses_seconds_bucket{le="8.191999999999999e-05"} 63
go_gc_pauses_seconds_bucket{le="0.0009175039999999999"} 76
go_gc_pauses_seconds_bucket{le="0.010485759999999998"} 84
go_gc_pauses_seconds_bucket{le="0.11744051199999998"} 88
go_gc_pauses_seconds_bucket{le="+Inf"} 88
go_gc_pauses_seconds_sum 0.050682112
go_gc_pauses_seconds_count 88
go_gc_scan_globals_bytes 913338
go_gc_scan_heap_bytes 3.3261312e+07
go_gc_scan_stack_bytes 482432
go_gc_scan_total_bytes 3.4657082e+07
go_gc_stack_starting_size_bytes 2048
go_goroutines 447
go_info{version="go1.25.7"} 1
go_memory_classes_heap_free_bytes 1.376256e+07
go_memory_classes_heap_objects_bytes 6.3199072e+07
go_memory_classes_heap_released_bytes 1.5187968e+07
go_memory_classes_heap_stacks_bytes 2.424832e+06
go_memory_classes_heap_unused_bytes 1.0283168e+07
go_memory_classes_metadata_mcache_free_bytes 13288
go_memory_classes_metadata_mcache_inuse_bytes 2416
go_memory_classes_metadata_mspan_free_bytes 406720
go_memory_classes_metadata_mspan_inuse_bytes 800960
go_memory_classes_metadata_other_bytes 5.14128e+06
go_memory_classes_os_stacks_bytes 0
go_memory_classes_other_bytes 767694
go_memory_classes_profiling_buckets_bytes 1.807442e+06
go_memory_classes_total_bytes 1.137974e+08
go_memstats_alloc_bytes 6.3199072e+07
go_memstats_alloc_bytes_total 9.43134632e+08
go_memstats_buck_hash_sys_bytes 1.807442e+06
go_memstats_frees_total 7.017357e+06
go_memstats_gc_sys_bytes 5.14128e+06
go_memstats_heap_alloc_bytes 6.3199072e+07
go_memstats_heap_idle_bytes 2.8950528e+07
go_memstats_heap_inuse_bytes 7.348224e+07
go_memstats_heap_objects 462941
go_memstats_heap_released_bytes 1.5187968e+07
go_memstats_heap_sys_bytes 1.02432768e+08
go_memstats_last_gc_time_seconds 1.7721317417036395e+09
go_memstats_mallocs_total 7.480298e+06
go_memstats_mcache_inuse_bytes 2416
go_memstats_mcache_sys_bytes 15704
go_memstats_mspan_inuse_bytes 800960
go_memstats_mspan_sys_bytes 1.20768e+06
go_memstats_next_gc_bytes 9.1994362e+07
go_memstats_other_sys_bytes 767694
go_memstats_stack_inuse_bytes 2.424832e+06
go_memstats_stack_sys_bytes 2.424832e+06
go_memstats_sys_bytes 1.137974e+08
go_sched_gomaxprocs_threads 2
go_sched_goroutines_goroutines 447
go_sched_latencies_seconds_bucket{le="6.399999999999999e-08"} 43528
go_sched_latencies_seconds_bucket{le="6.399999999999999e-07"} 46157
go_sched_latencies_seconds_bucket{le="7.167999999999999e-06"} 47543
go_sched_latencies_seconds_bucket{le="8.191999999999999e-05"} 50077
go_sched_latencies_seconds_bucket{le="0.0009175039999999999"} 50640
go_sched_latencies_seconds_bucket{le="0.010485759999999998"} 50790
go_sched_latencies_seconds_bucket{le="0.11744051199999998"} 50844
go_sched_latencies_seconds_bucket{le="+Inf"} 50851
go_sched_latencies_seconds_sum 1.591280192
go_sched_latencies_seconds_count 50851
go_sched_pauses_stopping_gc_seconds_bucket{le="6.399999999999999e-08"} 0
go_sched_pauses_stopping_gc_seconds_bucket{le="6.399999999999999e-07"} 34
go_sched_pauses_stopping_gc_seconds_bucket{le="7.167999999999999e-06"} 50
go_sched_pauses_stopping_gc_seconds_bucket{le="8.191999999999999e-05"} 71
go_sched_pauses_stopping_gc_seconds_bucket{le="0.0009175039999999999"} 79
go_sched_pauses_stopping_gc_seconds_bucket{le="0.010485759999999998"} 85
go_sched_pauses_stopping_gc_seconds_bucket{le="0.11744051199999998"} 88
go_sched_pauses_stopping_gc_seconds_bucket{le="+Inf"} 88
go_sched_pauses_stopping_gc_seconds_sum 0.037780608
go_sched_pauses_stopping_gc_seconds_count 88
go_sched_pauses_stopping_other_seconds_bucket{le="6.399999999999999e-08"} 0
go_sched_pauses_stopping_other_seconds_bucket{le="6.399999999999999e-07"} 2
go_sched_pauses_stopping_other_seconds_bucket{le="7.167999999999999e-06"} 4
go_sched_pauses_stopping_other_seconds_bucket{le="8.191999999999999e-05"} 4
go_sched_pauses_stopping_other_seconds_bucket{le="0.0009175039999999999"} 5
go_sched_pauses_stopping_other_seconds_bucket{le="0.010485759999999998"} 5
go_sched_pauses_stopping_other_seconds_bucket{le="0.11744051199999998"} 5
go_sched_pauses_stopping_other_seconds_bucket{le="+Inf"} 5
go_sched_pauses_stopping_other_seconds_sum 8.3328e-05
go_sched_pauses_stopping_other_seconds_count 5
go_sched_pauses_total_gc_seconds_bucket{le="6.399999999999999e-08"} 0
go_sched_pauses_total_gc_seconds_bucket{le="6.399999999999999e-07"} 0
go_sched_pauses_total_gc_seconds_bucket{le="7.167999999999999e-06"} 18
go_sched_pauses_total_gc_seconds_bucket{le="8.191999999999999e-05"} 63
go_sched_pauses_total_gc_seconds_bucket{le="0.0009175039999999999"} 76
go_sched_pauses_total_gc_seconds_bucket{le="0.010485759999999998"} 84
go_sched_pauses_total_gc_seconds_bucket{le="0.11744051199999998"} 88
go_sched_pauses_total_gc_seconds_bucket{le="+Inf"} 88
go_sched_pauses_total_gc_seconds_sum 0.050682112
go_sched_pauses_total_gc_seconds_count 88
go_sched_pauses_total_other_seconds_bucket{le="6.399999999999999e-08"} 0
go_sched_pauses_total_other_seconds_bucket{le="6.399999999999999e-07"} 0
go_sched_pauses_total_other_seconds_bucket{le="7.167999999999999e-06"} 0
go_sched_pauses_total_other_seconds_bucket{le="8.191999999999999e-05"} 3
go_sched_pauses_total_other_seconds_bucket{le="0.0009175039999999999"} 4
go_sched_pauses_total_other_seconds_bucket{le="0.010485759999999998"} 5
go_sched_pauses_total_other_seconds_bucket{le="0.11744051199999998"} 5
go_sched_pauses_total_other_seconds_bucket{le="+Inf"} 5
go_sched_pauses_total_other_seconds_sum 0.001020928
go_sched_pauses_total_other_seconds_count 5
go_sync_mutex_wait_total_seconds_total 54.101896048
go_threads 11
grpc__request_count{peer="127.0.0.1:46398",service_method="datadog.api.v1.Agent/GetHostname",status="OK"} 1
grpc__request_count{peer="127.0.0.1:46402",service_method="datadog.api.v1.AgentSecure/RefreshRemoteAgent",status="OK"} 11
grpc__request_count{peer="127.0.0.1:46402",service_method="datadog.api.v1.AgentSecure/RegisterRemoteAgent",status="OK"} 1
grpc__request_count{peer="127.0.0.1:58088",service_method="datadog.api.v1.AgentSecure/GetConfigState",status="OK"} 1
grpc__request_count{peer="127.0.0.1:60570",service_method="datadog.api.v1.AgentSecure/ClientGetConfigs",status="OK"} 22
grpc__request_count{peer="127.0.0.1:60572",service_method="datadog.api.v1.Agent/GetHostname",status="OK"} 1
grpc__request_count{peer="127.0.0.1:60610",service_method="datadog.api.v1.AgentSecure/RefreshRemoteAgent",status="OK"} 11
grpc__request_count{peer="127.0.0.1:60610",service_method="datadog.api.v1.AgentSecure/RegisterRemoteAgent",status="OK"} 1
grpc__request_count{peer="127.0.0.1:60626",service_method="datadog.api.v1.AgentSecure/ClientGetConfigs",status="OK"} 22
grpc__request_count{peer="127.0.0.1:60638",service_method="datadog.api.v1.AgentSecure/ClientGetConfigs",status="OK"} 22
grpc__request_count{peer="127.0.0.1:60654",service_method="datadog.api.v1.AgentSecure/RefreshRemoteAgent",status="OK"} 11
grpc__request_count{peer="127.0.0.1:60654",service_method="datadog.api.v1.AgentSecure/RegisterRemoteAgent",status="OK"} 1
grpc__request_duration_seconds_bucket{peer="127.0.0.1:46398",service_method="datadog.api.v1.Agent/GetHostname",le="0.001"} 1
grpc__request_duration_seconds_bucket{peer="127.0.0.1:46398",service_method="datadog.api.v1.Agent/GetHostname",le="0.005"} 1
grpc__request_duration_seconds_bucket{peer="127.0.0.1:46398",service_method="datadog.api.v1.Agent/GetHostname",le="0.01"} 1
grpc__request_duration_seconds_bucket{peer="127.0.0.1:46398",service_method="datadog.api.v1.Agent/GetHostname",le="0.025"} 1
grpc__request_duration_seconds_bucket{peer="127.0.0.1:46398",service_method="datadog.api.v1.Agent/GetHostname",le="0.05"} 1
grpc__request_duration_seconds_bucket{peer="127.0.0.1:46398",service_method="datadog.api.v1.Agent/GetHostname",le="0.1"} 1
grpc__request_duration_seconds_bucket{peer="127.0.0.1:46398",service_method="datadog.api.v1.Agent/GetHostname",le="0.25"} 1
grpc__request_duration_seconds_bucket{peer="127.0.0.1:46398",service_method="datadog.api.v1.Agent/GetHostname",le="0.5"} 1
grpc__request_duration_seconds_bucket{peer="127.0.0.1:46398",service_method="datadog.api.v1.Agent/GetHostname",le="1"} 1
grpc__request_duration_seconds_bucket{peer="127.0.0.1:46398",service_method="datadog.api.v1.Agent/GetHostname",le="2.5"} 1
grpc__request_duration_seconds_bucket{peer="127.0.0.1:46398",service_method="datadog.api.v1.Agent/GetHostname",le="5"} 1
grpc__request_duration_seconds_bucket{peer="127.0.0.1:46398",service_method="datadog.api.v1.Agent/GetHostname",le="10"} 1
grpc__request_duration_seconds_bucket{peer="127.0.0.1:46398",service_method="datadog.api.v1.Agent/GetHostname",le="30"} 1
grpc__request_duration_seconds_bucket{peer="127.0.0.1:46398",service_method="datadog.api.v1.Agent/GetHostname",le="60"} 1
grpc__request_duration_seconds_bucket{peer="127.0.0.1:46398",service_method="datadog.api.v1.Agent/GetHostname",le="+Inf"} 1
grpc__request_duration_seconds_sum{peer="127.0.0.1:46398",service_method="datadog.api.v1.Agent/GetHostname"} 4.916e-06
grpc__request_duration_seconds_count{peer="127.0.0.1:46398",service_method="datadog.api.v1.Agent/GetHostname"} 1
grpc__request_duration_seconds_bucket{peer="127.0.0.1:46402",service_method="datadog.api.v1.AgentSecure/RefreshRemoteAgent",le="0.001"} 11
grpc__request_duration_seconds_bucket{peer="127.0.0.1:46402",service_method="datadog.api.v1.AgentSecure/RefreshRemoteAgent",le="0.005"} 11
grpc__request_duration_seconds_bucket{peer="127.0.0.1:46402",service_method="datadog.api.v1.AgentSecure/RefreshRemoteAgent",le="0.01"} 11
grpc__request_duration_seconds_bucket{peer="127.0.0.1:46402",service_method="datadog.api.v1.AgentSecure/RefreshRemoteAgent",le="0.025"} 11
grpc__request_duration_seconds_bucket{peer="127.0.0.1:46402",service_method="datadog.api.v1.AgentSecure/RefreshRemoteAgent",le="0.05"} 11
grpc__request_duration_seconds_bucket{peer="127.0.0.1:46402",service_method="datadog.api.v1.AgentSecure/RefreshRemoteAgent",le="0.1"} 11
grpc__request_duration_seconds_bucket{peer="127.0.0.1:46402",service_method="datadog.api.v1.AgentSecure/RefreshRemoteAgent",le="0.25"} 11
grpc__request_duration_seconds_bucket{peer="127.0.0.1:46402",service_method="datadog.api.v1.AgentSecure/RefreshRemoteAgent",le="0.5"} 11
grpc__request_duration_seconds_bucket{peer="127.0.0.1:46402",service_method="datadog.api.v1.AgentSecure/RefreshRemoteAgent",le="1"} 11
grpc__request_duration_seconds_bucket{peer="127.0.0.1:46402",service_method="datadog.api.v1.AgentSecure/RefreshRemoteAgent",le="2.5"} 11
grpc__request_duration_seconds_bucket{peer="127.0.0.1:46402",service_method="datadog.api.v1.AgentSecure/RefreshRemoteAgent",le="5"} 11
grpc__request_duration_seconds_bucket{peer="127.0.0.1:46402",service_method="datadog.api.v1.AgentSecure/RefreshRemoteAgent",le="10"} 11
grpc__request_duration_seconds_bucket{peer="127.0.0.1:46402",service_method="datadog.api.v1.AgentSecure/RefreshRemoteAgent",le="30"} 11
grpc__request_duration_seconds_bucket{peer="127.0.0.1:46402",service_method="datadog.api.v1.AgentSecure/RefreshRemoteAgent",le="60"} 11
grpc__request_duration_seconds_bucket{peer="127.0.0.1:46402",service_method="datadog.api.v1.AgentSecure/RefreshRemoteAgent",le="+Inf"} 11
grpc__request_duration_seconds_sum{peer="127.0.0.1:46402",service_method="datadog.api.v1.AgentSecure/RefreshRemoteAgent"} 0.000111291
grpc__request_duration_seconds_count{peer="127.0.0.1:46402",service_method="datadog.api.v1.AgentSecure/RefreshRemoteAgent"} 11
grpc__request_duration_seconds_bucket{peer="127.0.0.1:46402",service_method="datadog.api.v1.AgentSecure/RegisterRemoteAgent",le="0.001"} 1
grpc__request_duration_seconds_bucket{peer="127.0.0.1:46402",service_method="datadog.api.v1.AgentSecure/RegisterRemoteAgent",le="0.005"} 1
grpc__request_duration_seconds_bucket{peer="127.0.0.1:46402",service_method="datadog.api.v1.AgentSecure/RegisterRemoteAgent",le="0.01"} 1
grpc__request_duration_seconds_bucket{peer="127.0.0.1:46402",service_method="datadog.api.v1.AgentSecure/RegisterRemoteAgent",le="0.025"} 1
grpc__request_duration_seconds_bucket{peer="127.0.0.1:46402",service_method="datadog.api.v1.AgentSecure/RegisterRemoteAgent",le="0.05"} 1
grpc__request_duration_seconds_bucket{peer="127.0.0.1:46402",service_method="datadog.api.v1.AgentSecure/RegisterRemoteAgent",le="0.1"} 1
grpc__request_duration_seconds_bucket{peer="127.0.0.1:46402",service_method="datadog.api.v1.AgentSecure/RegisterRemoteAgent",le="0.25"} 1
grpc__request_duration_seconds_bucket{peer="127.0.0.1:46402",service_method="datadog.api.v1.AgentSecure/RegisterRemoteAgent",le="0.5"} 1
grpc__request_duration_seconds_bucket{peer="127.0.0.1:46402",service_method="datadog.api.v1.AgentSecure/RegisterRemoteAgent",le="1"} 1
grpc__request_duration_seconds_bucket{peer="127.0.0.1:46402",service_method="datadog.api.v1.AgentSecure/RegisterRemoteAgent",le="2.5"} 1
grpc__request_duration_seconds_bucket{peer="127.0.0.1:46402",service_method="datadog.api.v1.AgentSecure/RegisterRemoteAgent",le="5"} 1
grpc__request_duration_seconds_bucket{peer="127.0.0.1:46402",service_method="datadog.api.v1.AgentSecure/RegisterRemoteAgent",le="10"} 1
grpc__request_duration_seconds_bucket{peer="127.0.0.1:46402",service_method="datadog.api.v1.AgentSecure/RegisterRemoteAgent",le="30"} 1
grpc__request_duration_seconds_bucket{peer="127.0.0.1:46402",service_method="datadog.api.v1.AgentSecure/RegisterRemoteAgent",le="60"} 1
grpc__request_duration_seconds_bucket{peer="127.0.0.1:46402",service_method="datadog.api.v1.AgentSecure/RegisterRemoteAgent",le="+Inf"} 1
grpc__request_duration_seconds_sum{peer="127.0.0.1:46402",service_method="datadog.api.v1.AgentSecure/RegisterRemoteAgent"} 0.000125209
grpc__request_duration_seconds_count{peer="127.0.0.1:46402",service_method="datadog.api.v1.AgentSecure/RegisterRemoteAgent"} 1
grpc__request_duration_seconds_bucket{peer="127.0.0.1:58088",service_method="datadog.api.v1.AgentSecure/GetConfigState",le="0.001"} 1
grpc__request_duration_seconds_bucket{peer="127.0.0.1:58088",service_method="datadog.api.v1.AgentSecure/GetConfigState",le="0.005"} 1
grpc__request_duration_seconds_bucket{peer="127.0.0.1:58088",service_method="datadog.api.v1.AgentSecure/GetConfigState",le="0.01"} 1
grpc__request_duration_seconds_bucket{peer="127.0.0.1:58088",service_method="datadog.api.v1.AgentSecure/GetConfigState",le="0.025"} 1
grpc__request_duration_seconds_bucket{peer="127.0.0.1:58088",service_method="datadog.api.v1.AgentSecure/GetConfigState",le="0.05"} 1
grpc__request_duration_seconds_bucket{peer="127.0.0.1:58088",service_method="datadog.api.v1.AgentSecure/GetConfigState",le="0.1"} 1
grpc__request_duration_seconds_bucket{peer="127.0.0.1:58088",service_method="datadog.api.v1.AgentSecure/GetConfigState",le="0.25"} 1
grpc__request_duration_seconds_bucket{peer="127.0.0.1:58088",service_method="datadog.api.v1.AgentSecure/GetConfigState",le="0.5"} 1
grpc__request_duration_seconds_bucket{peer="127.0.0.1:58088",service_method="datadog.api.v1.AgentSecure/GetConfigState",le="1"} 1
grpc__request_duration_seconds_bucket{peer="127.0.0.1:58088",service_method="datadog.api.v1.AgentSecure/GetConfigState",le="2.5"} 1
grpc__request_duration_seconds_bucket{peer="127.0.0.1:58088",service_method="datadog.api.v1.AgentSecure/GetConfigState",le="5"} 1
grpc__request_duration_seconds_bucket{peer="127.0.0.1:58088",service_method="datadog.api.v1.AgentSecure/GetConfigState",le="10"} 1
grpc__request_duration_seconds_bucket{peer="127.0.0.1:58088",service_method="datadog.api.v1.AgentSecure/GetConfigState",le="30"} 1
grpc__request_duration_seconds_bucket{peer="127.0.0.1:58088",service_method="datadog.api.v1.AgentSecure/GetConfigState",le="60"} 1
grpc__request_duration_seconds_bucket{peer="127.0.0.1:58088",service_method="datadog.api.v1.AgentSecure/GetConfigState",le="+Inf"} 1
grpc__request_duration_seconds_sum{peer="127.0.0.1:58088",service_method="datadog.api.v1.AgentSecure/GetConfigState"} 0.000224917
grpc__request_duration_seconds_count{peer="127.0.0.1:58088",service_method="datadog.api.v1.AgentSecure/GetConfigState"} 1
grpc__request_duration_seconds_bucket{peer="127.0.0.1:60570",service_method="datadog.api.v1.AgentSecure/ClientGetConfigs",le="0.001"} 17
grpc__request_duration_seconds_bucket{peer="127.0.0.1:60570",service_method="datadog.api.v1.AgentSecure/ClientGetConfigs",le="0.005"} 19
grpc__request_duration_seconds_bucket{peer="127.0.0.1:60570",service_method="datadog.api.v1.AgentSecure/ClientGetConfigs",le="0.01"} 20
grpc__request_duration_seconds_bucket{peer="127.0.0.1:60570",service_method="datadog.api.v1.AgentSecure/ClientGetConfigs",le="0.025"} 21
grpc__request_duration_seconds_bucket{peer="127.0.0.1:60570",service_method="datadog.api.v1.AgentSecure/ClientGetConfigs",le="0.05"} 21
grpc__request_duration_seconds_bucket{peer="127.0.0.1:60570",service_method="datadog.api.v1.AgentSecure/ClientGetConfigs",le="0.1"} 21
grpc__request_duration_seconds_bucket{peer="127.0.0.1:60570",service_method="datadog.api.v1.AgentSecure/ClientGetConfigs",le="0.25"} 21
grpc__request_duration_seconds_bucket{peer="127.0.0.1:60570",service_method="datadog.api.v1.AgentSecure/ClientGetConfigs",le="0.5"} 21
grpc__request_duration_seconds_bucket{peer="127.0.0.1:60570",service_method="datadog.api.v1.AgentSecure/ClientGetConfigs",le="1"} 21
grpc__request_duration_seconds_bucket{peer="127.0.0.1:60570",service_method="datadog.api.v1.AgentSecure/ClientGetConfigs",le="2.5"} 21
grpc__request_duration_seconds_bucket{peer="127.0.0.1:60570",service_method="datadog.api.v1.AgentSecure/ClientGetConfigs",le="5"} 21
grpc__request_duration_seconds_bucket{peer="127.0.0.1:60570",service_method="datadog.api.v1.AgentSecure/ClientGetConfigs",le="10"} 22
grpc__request_duration_seconds_bucket{peer="127.0.0.1:60570",service_method="datadog.api.v1.AgentSecure/ClientGetConfigs",le="30"} 22
grpc__request_duration_seconds_bucket{peer="127.0.0.1:60570",service_method="datadog.api.v1.AgentSecure/ClientGetConfigs",le="60"} 22
grpc__request_duration_seconds_bucket{peer="127.0.0.1:60570",service_method="datadog.api.v1.AgentSecure/ClientGetConfigs",le="+Inf"} 22
grpc__request_duration_seconds_sum{peer="127.0.0.1:60570",service_method="datadog.api.v1.AgentSecure/ClientGetConfigs"} 9.528201130000001
grpc__request_duration_seconds_count{peer="127.0.0.1:60570",service_method="datadog.api.v1.AgentSecure/ClientGetConfigs"} 22
grpc__request_duration_seconds_bucket{peer="127.0.0.1:60572",service_method="datadog.api.v1.Agent/GetHostname",le="0.001"} 1
grpc__request_duration_seconds_bucket{peer="127.0.0.1:60572",service_method="datadog.api.v1.Agent/GetHostname",le="0.005"} 1
grpc__request_duration_seconds_bucket{peer="127.0.0.1:60572",service_method="datadog.api.v1.Agent/GetHostname",le="0.01"} 1
grpc__request_duration_seconds_bucket{peer="127.0.0.1:60572",service_method="datadog.api.v1.Agent/GetHostname",le="0.025"} 1
grpc__request_duration_seconds_bucket{peer="127.0.0.1:60572",service_method="datadog.api.v1.Agent/GetHostname",le="0.05"} 1
grpc__request_duration_seconds_bucket{peer="127.0.0.1:60572",service_method="datadog.api.v1.Agent/GetHostname",le="0.1"} 1
grpc__request_duration_seconds_bucket{peer="127.0.0.1:60572",service_method="datadog.api.v1.Agent/GetHostname",le="0.25"} 1
grpc__request_duration_seconds_bucket{peer="127.0.0.1:60572",service_method="datadog.api.v1.Agent/GetHostname",le="0.5"} 1
grpc__request_duration_seconds_bucket{peer="127.0.0.1:60572",service_method="datadog.api.v1.Agent/GetHostname",le="1"} 1
grpc__request_duration_seconds_bucket{peer="127.0.0.1:60572",service_method="datadog.api.v1.Agent/GetHostname",le="2.5"} 1
grpc__request_duration_seconds_bucket{peer="127.0.0.1:60572",service_method="datadog.api.v1.Agent/GetHostname",le="5"} 1
grpc__request_duration_seconds_bucket{peer="127.0.0.1:60572",service_method="datadog.api.v1.Agent/GetHostname",le="10"} 1
grpc__request_duration_seconds_bucket{peer="127.0.0.1:60572",service_method="datadog.api.v1.Agent/GetHostname",le="30"} 1
grpc__request_duration_seconds_bucket{peer="127.0.0.1:60572",service_method="datadog.api.v1.Agent/GetHostname",le="60"} 1
grpc__request_duration_seconds_bucket{peer="127.0.0.1:60572",service_method="datadog.api.v1.Agent/GetHostname",le="+Inf"} 1
grpc__request_duration_seconds_sum{peer="127.0.0.1:60572",service_method="datadog.api.v1.Agent/GetHostname"} 4.667e-06
grpc__request_duration_seconds_count{peer="127.0.0.1:60572",service_method="datadog.api.v1.Agent/GetHostname"} 1
grpc__request_duration_seconds_bucket{peer="127.0.0.1:60610",service_method="datadog.api.v1.AgentSecure/RefreshRemoteAgent",le="0.001"} 11
grpc__request_duration_seconds_bucket{peer="127.0.0.1:60610",service_method="datadog.api.v1.AgentSecure/RefreshRemoteAgent",le="0.005"} 11
grpc__request_duration_seconds_bucket{peer="127.0.0.1:60610",service_method="datadog.api.v1.AgentSecure/RefreshRemoteAgent",le="0.01"} 11
grpc__request_duration_seconds_bucket{peer="127.0.0.1:60610",service_method="datadog.api.v1.AgentSecure/RefreshRemoteAgent",le="0.025"} 11
grpc__request_duration_seconds_bucket{peer="127.0.0.1:60610",service_method="datadog.api.v1.AgentSecure/RefreshRemoteAgent",le="0.05"} 11
grpc__request_duration_seconds_bucket{peer="127.0.0.1:60610",service_method="datadog.api.v1.AgentSecure/RefreshRemoteAgent",le="0.1"} 11
grpc__request_duration_seconds_bucket{peer="127.0.0.1:60610",service_method="datadog.api.v1.AgentSecure/RefreshRemoteAgent",le="0.25"} 11
grpc__request_duration_seconds_bucket{peer="127.0.0.1:60610",service_method="datadog.api.v1.AgentSecure/RefreshRemoteAgent",le="0.5"} 11
grpc__request_duration_seconds_bucket{peer="127.0.0.1:60610",service_method="datadog.api.v1.AgentSecure/RefreshRemoteAgent",le="1"} 11
grpc__request_duration_seconds_bucket{peer="127.0.0.1:60610",service_method="datadog.api.v1.AgentSecure/RefreshRemoteAgent",le="2.5"} 11
grpc__request_duration_seconds_bucket{peer="127.0.0.1:60610",service_method="datadog.api.v1.AgentSecure/RefreshRemoteAgent",le="5"} 11
grpc__request_duration_seconds_bucket{peer="127.0.0.1:60610",service_method="datadog.api.v1.AgentSecure/RefreshRemoteAgent",le="10"} 11
grpc__request_duration_seconds_bucket{peer="127.0.0.1:60610",service_method="datadog.api.v1.AgentSecure/RefreshRemoteAgent",le="30"} 11
grpc__request_duration_seconds_bucket{peer="127.0.0.1:60610",service_method="datadog.api.v1.AgentSecure/RefreshRemoteAgent",le="60"} 11
grpc__request_duration_seconds_bucket{peer="127.0.0.1:60610",service_method="datadog.api.v1.AgentSecure/RefreshRemoteAgent",le="+Inf"} 11
grpc__request_duration_seconds_sum{peer="127.0.0.1:60610",service_method="datadog.api.v1.AgentSecure/RefreshRemoteAgent"} 0.000113291
grpc__request_duration_seconds_count{peer="127.0.0.1:60610",service_method="datadog.api.v1.AgentSecure/RefreshRemoteAgent"} 11
grpc__request_duration_seconds_bucket{peer="127.0.0.1:60610",service_method="datadog.api.v1.AgentSecure/RegisterRemoteAgent",le="0.001"} 1
grpc__request_duration_seconds_bucket{peer="127.0.0.1:60610",service_method="datadog.api.v1.AgentSecure/RegisterRemoteAgent",le="0.005"} 1
grpc__request_duration_seconds_bucket{peer="127.0.0.1:60610",service_method="datadog.api.v1.AgentSecure/RegisterRemoteAgent",le="0.01"} 1
grpc__request_duration_seconds_bucket{peer="127.0.0.1:60610",service_method="datadog.api.v1.AgentSecure/RegisterRemoteAgent",le="0.025"} 1
grpc__request_duration_seconds_bucket{peer="127.0.0.1:60610",service_method="datadog.api.v1.AgentSecure/RegisterRemoteAgent",le="0.05"} 1
grpc__request_duration_seconds_bucket{peer="127.0.0.1:60610",service_method="datadog.api.v1.AgentSecure/RegisterRemoteAgent",le="0.1"} 1
grpc__request_duration_seconds_bucket{peer="127.0.0.1:60610",service_method="datadog.api.v1.AgentSecure/RegisterRemoteAgent",le="0.25"} 1
grpc__request_duration_seconds_bucket{peer="127.0.0.1:60610",service_method="datadog.api.v1.AgentSecure/RegisterRemoteAgent",le="0.5"} 1
grpc__request_duration_seconds_bucket{peer="127.0.0.1:60610",service_method="datadog.api.v1.AgentSecure/RegisterRemoteAgent",le="1"} 1
grpc__request_duration_seconds_bucket{peer="127.0.0.1:60610",service_method="datadog.api.v1.AgentSecure/RegisterRemoteAgent",le="2.5"} 1
grpc__request_duration_seconds_bucket{peer="127.0.0.1:60610",service_method="datadog.api.v1.AgentSecure/RegisterRemoteAgent",le="5"} 1
grpc__request_duration_seconds_bucket{peer="127.0.0.1:60610",service_method="datadog.api.v1.AgentSecure/RegisterRemoteAgent",le="10"} 1
grpc__request_duration_seconds_bucket{peer="127.0.0.1:60610",service_method="datadog.api.v1.AgentSecure/RegisterRemoteAgent",le="30"} 1
grpc__request_duration_seconds_bucket{peer="127.0.0.1:60610",service_method="datadog.api.v1.AgentSecure/RegisterRemoteAgent",le="60"} 1
grpc__request_duration_seconds_bucket{peer="127.0.0.1:60610",service_method="datadog.api.v1.AgentSecure/RegisterRemoteAgent",le="+Inf"} 1
grpc__request_duration_seconds_sum{peer="127.0.0.1:60610",service_method="datadog.api.v1.AgentSecure/RegisterRemoteAgent"} 0.000132667
grpc__request_duration_seconds_count{peer="127.0.0.1:60610",service_method="datadog.api.v1.AgentSecure/RegisterRemoteAgent"} 1
grpc__request_duration_seconds_bucket{peer="127.0.0.1:60626",service_method="datadog.api.v1.AgentSecure/ClientGetConfigs",le="0.001"} 18
grpc__request_duration_seconds_bucket{peer="127.0.0.1:60626",service_method="datadog.api.v1.AgentSecure/ClientGetConfigs",le="0.005"} 21
grpc__request_duration_seconds_bucket{peer="127.0.0.1:60626",service_method="datadog.api.v1.AgentSecure/ClientGetConfigs",le="0.01"} 21
grpc__request_duration_seconds_bucket{peer="127.0.0.1:60626",service_method="datadog.api.v1.AgentSecure/ClientGetConfigs",le="0.025"} 21
grpc__request_duration_seconds_bucket{peer="127.0.0.1:60626",service_method="datadog.api.v1.AgentSecure/ClientGetConfigs",le="0.05"} 21
grpc__request_duration_seconds_bucket{peer="127.0.0.1:60626",service_method="datadog.api.v1.AgentSecure/ClientGetConfigs",le="0.1"} 21
grpc__request_duration_seconds_bucket{peer="127.0.0.1:60626",service_method="datadog.api.v1.AgentSecure/ClientGetConfigs",le="0.25"} 21
grpc__request_duration_seconds_bucket{peer="127.0.0.1:60626",service_method="datadog.api.v1.AgentSecure/ClientGetConfigs",le="0.5"} 21
grpc__request_duration_seconds_bucket{peer="127.0.0.1:60626",service_method="datadog.api.v1.AgentSecure/ClientGetConfigs",le="1"} 21
grpc__request_duration_seconds_bucket{peer="127.0.0.1:60626",service_method="datadog.api.v1.AgentSecure/ClientGetConfigs",le="2.5"} 21
grpc__request_duration_seconds_bucket{peer="127.0.0.1:60626",service_method="datadog.api.v1.AgentSecure/ClientGetConfigs",le="5"} 21
grpc__request_duration_seconds_bucket{peer="127.0.0.1:60626",service_method="datadog.api.v1.AgentSecure/ClientGetConfigs",le="10"} 22
grpc__request_duration_seconds_bucket{peer="127.0.0.1:60626",service_method="datadog.api.v1.AgentSecure/ClientGetConfigs",le="30"} 22
grpc__request_duration_seconds_bucket{peer="127.0.0.1:60626",service_method="datadog.api.v1.AgentSecure/ClientGetConfigs",le="60"} 22
grpc__request_duration_seconds_bucket{peer="127.0.0.1:60626",service_method="datadog.api.v1.AgentSecure/ClientGetConfigs",le="+Inf"} 22
grpc__request_duration_seconds_sum{peer="127.0.0.1:60626",service_method="datadog.api.v1.AgentSecure/ClientGetConfigs"} 8.776435878000001
grpc__request_duration_seconds_count{peer="127.0.0.1:60626",service_method="datadog.api.v1.AgentSecure/ClientGetConfigs"} 22
grpc__request_duration_seconds_bucket{peer="127.0.0.1:60638",service_method="datadog.api.v1.AgentSecure/ClientGetConfigs",le="0.001"} 20
grpc__request_duration_seconds_bucket{peer="127.0.0.1:60638",service_method="datadog.api.v1.AgentSecure/ClientGetConfigs",le="0.005"} 21
grpc__request_duration_seconds_bucket{peer="127.0.0.1:60638",service_method="datadog.api.v1.AgentSecure/ClientGetConfigs",le="0.01"} 21
grpc__request_duration_seconds_bucket{peer="127.0.0.1:60638",service_method="datadog.api.v1.AgentSecure/ClientGetConfigs",le="0.025"} 21
grpc__request_duration_seconds_bucket{peer="127.0.0.1:60638",service_method="datadog.api.v1.AgentSecure/ClientGetConfigs",le="0.05"} 21
grpc__request_duration_seconds_bucket{peer="127.0.0.1:60638",service_method="datadog.api.v1.AgentSecure/ClientGetConfigs",le="0.1"} 21
grpc__request_duration_seconds_bucket{peer="127.0.0.1:60638",service_method="datadog.api.v1.AgentSecure/ClientGetConfigs",le="0.25"} 21
grpc__request_duration_seconds_bucket{peer="127.0.0.1:60638",service_method="datadog.api.v1.AgentSecure/ClientGetConfigs",le="0.5"} 21
grpc__request_duration_seconds_bucket{peer="127.0.0.1:60638",service_method="datadog.api.v1.AgentSecure/ClientGetConfigs",le="1"} 21
grpc__request_duration_seconds_bucket{peer="127.0.0.1:60638",service_method="datadog.api.v1.AgentSecure/ClientGetConfigs",le="2.5"} 21
grpc__request_duration_seconds_bucket{peer="127.0.0.1:60638",service_method="datadog.api.v1.AgentSecure/ClientGetConfigs",le="5"} 21
grpc__request_duration_seconds_bucket{peer="127.0.0.1:60638",service_method="datadog.api.v1.AgentSecure/ClientGetConfigs",le="10"} 22
grpc__request_duration_seconds_bucket{peer="127.0.0.1:60638",service_method="datadog.api.v1.AgentSecure/ClientGetConfigs",le="30"} 22
grpc__request_duration_seconds_bucket{peer="127.0.0.1:60638",service_method="datadog.api.v1.AgentSecure/ClientGetConfigs",le="60"} 22
grpc__request_duration_seconds_bucket{peer="127.0.0.1:60638",service_method="datadog.api.v1.AgentSecure/ClientGetConfigs",le="+Inf"} 22
grpc__request_duration_seconds_sum{peer="127.0.0.1:60638",service_method="datadog.api.v1.AgentSecure/ClientGetConfigs"} 7.759765298000002
grpc__request_duration_seconds_count{peer="127.0.0.1:60638",service_method="datadog.api.v1.AgentSecure/ClientGetConfigs"} 22
grpc__request_duration_seconds_bucket{peer="127.0.0.1:60654",service_method="datadog.api.v1.AgentSecure/RefreshRemoteAgent",le="0.001"} 11
grpc__request_duration_seconds_bucket{peer="127.0.0.1:60654",service_method="datadog.api.v1.AgentSecure/RefreshRemoteAgent",le="0.005"} 11
grpc__request_duration_seconds_bucket{peer="127.0.0.1:60654",service_method="datadog.api.v1.AgentSecure/RefreshRemoteAgent",le="0.01"} 11
grpc__request_duration_seconds_bucket{peer="127.0.0.1:60654",service_method="datadog.api.v1.AgentSecure/RefreshRemoteAgent",le="0.025"} 11
grpc__request_duration_seconds_bucket{peer="127.0.0.1:60654",service_method="datadog.api.v1.AgentSecure/RefreshRemoteAgent",le="0.05"} 11
grpc__request_duration_seconds_bucket{peer="127.0.0.1:60654",service_method="datadog.api.v1.AgentSecure/RefreshRemoteAgent",le="0.1"} 11
grpc__request_duration_seconds_bucket{peer="127.0.0.1:60654",service_method="datadog.api.v1.AgentSecure/RefreshRemoteAgent",le="0.25"} 11
grpc__request_duration_seconds_bucket{peer="127.0.0.1:60654",service_method="datadog.api.v1.AgentSecure/RefreshRemoteAgent",le="0.5"} 11
grpc__request_duration_seconds_bucket{peer="127.0.0.1:60654",service_method="datadog.api.v1.AgentSecure/RefreshRemoteAgent",le="1"} 11
grpc__request_duration_seconds_bucket{peer="127.0.0.1:60654",service_method="datadog.api.v1.AgentSecure/RefreshRemoteAgent",le="2.5"} 11
grpc__request_duration_seconds_bucket{peer="127.0.0.1:60654",service_method="datadog.api.v1.AgentSecure/RefreshRemoteAgent",le="5"} 11
grpc__request_duration_seconds_bucket{peer="127.0.0.1:60654",service_method="datadog.api.v1.AgentSecure/RefreshRemoteAgent",le="10"} 11
grpc__request_duration_seconds_bucket{peer="127.0.0.1:60654",service_method="datadog.api.v1.AgentSecure/RefreshRemoteAgent",le="30"} 11
grpc__request_duration_seconds_bucket{peer="127.0.0.1:60654",service_method="datadog.api.v1.AgentSecure/RefreshRemoteAgent",le="60"} 11
grpc__request_duration_seconds_bucket{peer="127.0.0.1:60654",service_method="datadog.api.v1.AgentSecure/RefreshRemoteAgent",le="+Inf"} 11
grpc__request_duration_seconds_sum{peer="127.0.0.1:60654",service_method="datadog.api.v1.AgentSecure/RefreshRemoteAgent"} 7.325e-05
grpc__request_duration_seconds_count{peer="127.0.0.1:60654",service_method="datadog.api.v1.AgentSecure/RefreshRemoteAgent"} 11
grpc__request_duration_seconds_bucket{peer="127.0.0.1:60654",service_method="datadog.api.v1.AgentSecure/RegisterRemoteAgent",le="0.001"} 0
grpc__request_duration_seconds_bucket{peer="127.0.0.1:60654",service_method="datadog.api.v1.AgentSecure/RegisterRemoteAgent",le="0.005"} 1
grpc__request_duration_seconds_bucket{peer="127.0.0.1:60654",service_method="datadog.api.v1.AgentSecure/RegisterRemoteAgent",le="0.01"} 1
grpc__request_duration_seconds_bucket{peer="127.0.0.1:60654",service_method="datadog.api.v1.AgentSecure/RegisterRemoteAgent",le="0.025"} 1
grpc__request_duration_seconds_bucket{peer="127.0.0.1:60654",service_method="datadog.api.v1.AgentSecure/RegisterRemoteAgent",le="0.05"} 1
grpc__request_duration_seconds_bucket{peer="127.0.0.1:60654",service_method="datadog.api.v1.AgentSecure/RegisterRemoteAgent",le="0.1"} 1
grpc__request_duration_seconds_bucket{peer="127.0.0.1:60654",service_method="datadog.api.v1.AgentSecure/RegisterRemoteAgent",le="0.25"} 1
grpc__request_duration_seconds_bucket{peer="127.0.0.1:60654",service_method="datadog.api.v1.AgentSecure/RegisterRemoteAgent",le="0.5"} 1
grpc__request_duration_seconds_bucket{peer="127.0.0.1:60654",service_method="datadog.api.v1.AgentSecure/RegisterRemoteAgent",le="1"} 1
grpc__request_duration_seconds_bucket{peer="127.0.0.1:60654",service_method="datadog.api.v1.AgentSecure/RegisterRemoteAgent",le="2.5"} 1
grpc__request_duration_seconds_bucket{peer="127.0.0.1:60654",service_method="datadog.api.v1.AgentSecure/RegisterRemoteAgent",le="5"} 1
grpc__request_duration_seconds_bucket{peer="127.0.0.1:60654",service_method="datadog.api.v1.AgentSecure/RegisterRemoteAgent",le="10"} 1
grpc__request_duration_seconds_bucket{peer="127.0.0.1:60654",service_method="datadog.api.v1.AgentSecure/RegisterRemoteAgent",le="30"} 1
grpc__request_duration_seconds_bucket{peer="127.0.0.1:60654",service_method="datadog.api.v1.AgentSecure/RegisterRemoteAgent",le="60"} 1
grpc__request_duration_seconds_bucket{peer="127.0.0.1:60654",service_method="datadog.api.v1.AgentSecure/RegisterRemoteAgent",le="+Inf"} 1
grpc__request_duration_seconds_sum{peer="127.0.0.1:60654",service_method="datadog.api.v1.AgentSecure/RegisterRemoteAgent"} 0.001152333
grpc__request_duration_seconds_count{peer="127.0.0.1:60654",service_method="datadog.api.v1.AgentSecure/RegisterRemoteAgent"} 1
jsonstream__blocked_time 665
jsonstream__blocking_goroutines 0
jsonstream__serialization_time 1.165418e+06
jsonstream__total_calls 8
jsonstream__total_items 84
kubelet_queries{code="200",path="/configz"} 2
kubelet_queries{code="200",path="/healthz?verbose"} 6
kubelet_queries{code="200",path="/metrics"} 8
kubelet_queries{code="200",path="/metrics/cadvisor"} 6
kubelet_queries{code="200",path="/metrics/probes"} 6
kubelet_queries{code="200",path="/metrics/slis"} 6
kubelet_queries{code="200",path="/pods"} 36
kubelet_queries{code="200",path="/stats/summary"} 6
kubelet_queries{code="404",path="/spec"} 1
kubelet_queries{code="404",path="/spec/"} 6
logs__bytes_sent{source="epforwarder"} 202794
logs__bytes_sent{source="logs"} 2.010454e+06
logs__decoded 1700
logs__destination_http_resp{status_code="202",url="https://agent-http-intake.logs.datadoghq.com./api/v2/logs"} 49
logs__destination_http_resp{status_code="202",url="https://contimage-intake.datadoghq.com./api/v2/contimage"} 5
logs__destination_http_resp{status_code="202",url="https://contlcycle-intake.datadoghq.com./api/v2/contlcycle"} 3
logs__destination_http_resp{status_code="202",url="https://http-synthetics.datadoghq.com./api/v2/synthetics"} 2
logs__destination_http_resp{status_code="202",url="https://ndm-intake.datadoghq.com./api/v2/ndm"} 2
logs__destination_http_resp{status_code="202",url="https://ndm-intake.datadoghq.com./api/v2/ndmconfig"} 2
logs__destination_http_resp{status_code="202",url="https://ndmflow-intake.datadoghq.com./api/v2/ndmflow"} 2
logs__destination_http_resp{status_code="202",url="https://netpath-intake.datadoghq.com./api/v2/netpath"} 2
logs__destination_http_resp{status_code="202",url="https://sbom-intake.datadoghq.com./api/v2/sbom"} 2
logs__destination_http_resp{status_code="202",url="https://snmp-traps-intake.datadoghq.com./api/v2/ndmtraps"} 2
logs__destination_http_resp{status_code="202",url="https://trace.agent.datadoghq.com./api/v2/data_streams_messages"} 2
logs__destination_http_resp{status_code="204",url="https://dbm-metrics-intake.datadoghq.com./api/v2/databasequery"} 2
logs__destination_http_resp{status_code="204",url="https://dbm-metrics-intake.datadoghq.com./api/v2/dbmactivity"} 2
logs__destination_http_resp{status_code="204",url="https://dbm-metrics-intake.datadoghq.com./api/v2/dbmhealth"} 2
logs__destination_http_resp{status_code="204",url="https://dbm-metrics-intake.datadoghq.com./api/v2/dbmmetadata"} 2
logs__destination_http_resp{status_code="204",url="https://dbm-metrics-intake.datadoghq.com./api/v2/dbmmetrics"} 2
logs__encoded_bytes_sent{compression_kind="zstd",source="epforwarder"} 39146
logs__encoded_bytes_sent{compression_kind="zstd",source="logs"} 109105
logs__log_line_sizes_bucket{le="32"} 0
logs__log_line_sizes_bucket{le="128"} 114
logs__log_line_sizes_bucket{le="512"} 1651
logs__log_line_sizes_bucket{le="2048"} 1700
logs__log_line_sizes_bucket{le="8192"} 1700
logs__log_line_sizes_bucket{le="32768"} 1700
logs__log_line_sizes_bucket{le="131072"} 1700
logs__log_line_sizes_bucket{le="524288"} 1700
logs__log_line_sizes_bucket{le="2.097152e+06"} 1700
logs__log_line_sizes_bucket{le="+Inf"} 1700
logs__log_line_sizes_sum 422829
logs__log_line_sizes_count 1700
logs__processed 1700
logs__sender_latency_bucket{le="10"} 0
logs__sender_latency_bucket{le="25"} 0
logs__sender_latency_bucket{le="50"} 8
logs__sender_latency_bucket{le="75"} 28
logs__sender_latency_bucket{le="100"} 50
logs__sender_latency_bucket{le="250"} 76
logs__sender_latency_bucket{le="500"} 82
logs__sender_latency_bucket{le="1000"} 83
logs__sender_latency_bucket{le="10000"} 83
logs__sender_latency_bucket{le="+Inf"} 83
logs__sender_latency_sum 9592
logs__sender_latency_count 83
logs__sent 1654
logs_client_http_destination__idle_ms{sender="container-images_q0s0_reliable_0"} 40787
logs_client_http_destination__idle_ms{sender="container-lifecycle_q0s0_reliable_0"} 37761
logs_client_http_destination__idle_ms{sender="logs_q0s0_reliable_0"} 120033
logs_client_http_destination__send{endpoint_host="agent-http-intake.logs.datadoghq.com.",error="none"} 49
logs_client_http_destination__send{endpoint_host="contimage-intake.datadoghq.com.",error="none"} 5
logs_client_http_destination__send{endpoint_host="contlcycle-intake.datadoghq.com.",error="none"} 3
logs_client_http_destination__send{endpoint_host="dbm-metrics-intake.datadoghq.com.",error="none"} 10
logs_client_http_destination__send{endpoint_host="http-synthetics.datadoghq.com.",error="none"} 2
logs_client_http_destination__send{endpoint_host="ndm-intake.datadoghq.com.",error="none"} 4
logs_client_http_destination__send{endpoint_host="ndmflow-intake.datadoghq.com.",error="none"} 2
logs_client_http_destination__send{endpoint_host="netpath-intake.datadoghq.com.",error="none"} 2
logs_client_http_destination__send{endpoint_host="sbom-intake.datadoghq.com.",error="none"} 2
logs_client_http_destination__send{endpoint_host="snmp-traps-intake.datadoghq.com.",error="none"} 2
logs_client_http_destination__send{endpoint_host="trace.agent.datadoghq.com.",error="none"} 2
logs_component_utilization__bytes{instance="0",name="processor"} 121.43594283186509
logs_component_utilization__bytes{instance="0",name="sender"} 1586.0288833444915
logs_component_utilization__bytes{instance="0",name="strategy"} 305.03033033883094
logs_component_utilization__bytes{instance="1",name="processor"} 236.8601305580216
logs_component_utilization__bytes{instance="1",name="strategy"} 1949.8169265345605
logs_component_utilization__bytes{instance="q0s0",name="destination_reliable_0"} 1633.72150467448
logs_component_utilization__bytes{instance="q0s0",name="worker"} 1586.0288833444915
logs_component_utilization__items{instance="0",name="processor"} 0.988533460476636
logs_component_utilization__items{instance="0",name="sender"} 10.009279270514785
logs_component_utilization__items{instance="0",name="strategy"} 2.3570827312385583
logs_component_utilization__items{instance="1",name="processor"} 0.9987305067195071
logs_component_utilization__items{instance="1",name="strategy"} 9.736617983842702
logs_component_utilization__items{instance="q0s0",name="destination_reliable_0"} 10.235937728376783
logs_component_utilization__items{instance="q0s0",name="worker"} 10.009279270514785
logs_component_utilization__ratio{instance="0",name="processor"} 2.674053037320492e-05
logs_component_utilization__ratio{instance="0",name="strategy"} 0.00026702150563837247
logs_component_utilization__ratio{instance="1",name="processor"} 0.0005592433527881979
logs_component_utilization__ratio{instance="1",name="strategy"} 0.00012115316270475853
logs_component_utilization__ratio{instance="q0s0",name="destination_reliable_0"} 3.958201045085517e-06
logs_component_utilization__ratio{instance="q0s0",name="worker"} 6.570791578895733e-06
logs_destination__destination_workers{instance="logs_q0s0_reliable_0"} 2
logs_destination__virtual_latency{instance="logs_q0s0_reliable_0"} 61
metrics__events_dropped 0
metrics__events_payload_empty 0
metrics__events_payloads 5
metrics__events_sent 8
no_aggregation__flush 0
no_aggregation__processed{state="ok"} 0
no_aggregation__processed{state="unsupported_type"} 0
orchestrator__cache_hits{orchestrator="k8s",resource="pod"} 70
orchestrator__cache_misses{orchestrator="k8s",resource="pod"} 14
process_collector__discovered_services 14
process__payloads_bytes_in{type="type:manifest"} 251350
process__payloads_bytes_in{type="type:pod"} 26804
process__payloads_bytes_in{type="type:process"} 440735
process__payloads_bytes_out{type="type:manifest"} 31230
process__payloads_bytes_out{type="type:pod"} 9074
process__payloads_bytes_out{type="type:process"} 129960
process_cpu_seconds_total 35.5
process_max_fds 1.048576e+06
process_network_receive_bytes_total 1.1964373e+07
process_network_transmit_bytes_total 7.735882e+06
process_open_fds 104
process_resident_memory_bytes 2.69111296e+08
process_start_time_seconds 1.77213161447e+09
process_virtual_memory_bytes 2.194784256e+09
process_virtual_memory_max_bytes 1.8446744073709552e+19
pymem__alloc 0
pymem__inuse 0
remote_agent_registry_action_duration_seconds_bucket{action="datadog.remoteagent.telemetry.v1.TelemetryProvider",name="process-agent",le="0.005"} 2
remote_agent_registry_action_duration_seconds_bucket{action="datadog.remoteagent.telemetry.v1.TelemetryProvider",name="process-agent",le="0.01"} 2
remote_agent_registry_action_duration_seconds_bucket{action="datadog.remoteagent.telemetry.v1.TelemetryProvider",name="process-agent",le="0.025"} 2
remote_agent_registry_action_duration_seconds_bucket{action="datadog.remoteagent.telemetry.v1.TelemetryProvider",name="process-agent",le="0.05"} 2
remote_agent_registry_action_duration_seconds_bucket{action="datadog.remoteagent.telemetry.v1.TelemetryProvider",name="process-agent",le="0.1"} 2
remote_agent_registry_action_duration_seconds_bucket{action="datadog.remoteagent.telemetry.v1.TelemetryProvider",name="process-agent",le="0.25"} 3
remote_agent_registry_action_duration_seconds_bucket{action="datadog.remoteagent.telemetry.v1.TelemetryProvider",name="process-agent",le="0.5"} 3
remote_agent_registry_action_duration_seconds_bucket{action="datadog.remoteagent.telemetry.v1.TelemetryProvider",name="process-agent",le="1"} 3
remote_agent_registry_action_duration_seconds_bucket{action="datadog.remoteagent.telemetry.v1.TelemetryProvider",name="process-agent",le="2.5"} 3
remote_agent_registry_action_duration_seconds_bucket{action="datadog.remoteagent.telemetry.v1.TelemetryProvider",name="process-agent",le="5"} 3
remote_agent_registry_action_duration_seconds_bucket{action="datadog.remoteagent.telemetry.v1.TelemetryProvider",name="process-agent",le="10"} 3
remote_agent_registry_action_duration_seconds_bucket{action="datadog.remoteagent.telemetry.v1.TelemetryProvider",name="process-agent",le="+Inf"} 3
remote_agent_registry_action_duration_seconds_sum{action="datadog.remoteagent.telemetry.v1.TelemetryProvider",name="process-agent"} 0.12117316699999998
remote_agent_registry_action_duration_seconds_count{action="datadog.remoteagent.telemetry.v1.TelemetryProvider",name="process-agent"} 3
remote_agent_registry_action_duration_seconds_bucket{action="datadog.remoteagent.telemetry.v1.TelemetryProvider",name="system-probe",le="0.005"} 0
remote_agent_registry_action_duration_seconds_bucket{action="datadog.remoteagent.telemetry.v1.TelemetryProvider",name="system-probe",le="0.01"} 0
remote_agent_registry_action_duration_seconds_bucket{action="datadog.remoteagent.telemetry.v1.TelemetryProvider",name="system-probe",le="0.025"} 0
remote_agent_registry_action_duration_seconds_bucket{action="datadog.remoteagent.telemetry.v1.TelemetryProvider",name="system-probe",le="0.05"} 0
remote_agent_registry_action_duration_seconds_bucket{action="datadog.remoteagent.telemetry.v1.TelemetryProvider",name="system-probe",le="0.1"} 1
remote_agent_registry_action_duration_seconds_bucket{action="datadog.remoteagent.telemetry.v1.TelemetryProvider",name="system-probe",le="0.25"} 2
remote_agent_registry_action_duration_seconds_bucket{action="datadog.remoteagent.telemetry.v1.TelemetryProvider",name="system-probe",le="0.5"} 2
remote_agent_registry_action_duration_seconds_bucket{action="datadog.remoteagent.telemetry.v1.TelemetryProvider",name="system-probe",le="1"} 2
remote_agent_registry_action_duration_seconds_bucket{action="datadog.remoteagent.telemetry.v1.TelemetryProvider",name="system-probe",le="2.5"} 2
remote_agent_registry_action_duration_seconds_bucket{action="datadog.remoteagent.telemetry.v1.TelemetryProvider",name="system-probe",le="5"} 2
remote_agent_registry_action_duration_seconds_bucket{action="datadog.remoteagent.telemetry.v1.TelemetryProvider",name="system-probe",le="10"} 2
remote_agent_registry_action_duration_seconds_bucket{action="datadog.remoteagent.telemetry.v1.TelemetryProvider",name="system-probe",le="+Inf"} 2
remote_agent_registry_action_duration_seconds_sum{action="datadog.remoteagent.telemetry.v1.TelemetryProvider",name="system-probe"} 0.26081375
remote_agent_registry_action_duration_seconds_count{action="datadog.remoteagent.telemetry.v1.TelemetryProvider",name="system-probe"} 2
remote_agent_registry_registered{name="process-agent"} 1
remote_agent_registry_registered{name="system-probe"} 1
remote_agent_registry_registered{name="trace-agent"} 1
remoteconfig_cache_bypass_timeout 2
runtime__running 1
runtime__started 1
scheduler__checks_entered{check_name="container"} 1
scheduler__checks_entered{check_name="container_image"} 1
scheduler__checks_entered{check_name="container_lifecycle"} 1
scheduler__checks_entered{check_name="coredns"} 1
scheduler__checks_entered{check_name="cpu"} 1
scheduler__checks_entered{check_name="datadog_cluster_agent"} 1
scheduler__checks_entered{check_name="discovery"} 1
scheduler__checks_entered{check_name="disk"} 1
scheduler__checks_entered{check_name="docker"} 1
scheduler__checks_entered{check_name="file_handle"} 1
scheduler__checks_entered{check_name="io"} 1
scheduler__checks_entered{check_name="kube_apiserver_metrics"} 1
scheduler__checks_entered{check_name="kubelet"} 1
scheduler__checks_entered{check_name="load"} 1
scheduler__checks_entered{check_name="memory"} 1
scheduler__checks_entered{check_name="network"} 1
scheduler__checks_entered{check_name="ntp"} 1
scheduler__checks_entered{check_name="orchestrator_kubelet_config"} 1
scheduler__checks_entered{check_name="orchestrator_pod"} 1
scheduler__checks_entered{check_name="redisdb"} 1
scheduler__checks_entered{check_name="telemetry"} 1
scheduler__checks_entered{check_name="uptime"} 1
scheduler__queues_count 5
sketch_series__payload_full 13
system_probe__remote_client__requests__duration{check="discovery",status="success"} 24
system_probe__remote_client__requests__duration{check="status",status="success"} 48
system_probe__remote_client__requests__total{check="discovery"} 2
tagger_events{cardinality="high"} 357
tagger_pruned_entities 1
tagger_queries{cardinality="high",status="empty_entity_id"} 0
tagger_queries{cardinality="high",status="empty_tags"} 0
tagger_queries{cardinality="high",status="success"} 3495
tagger_queries{cardinality="low",status="empty_entity_id"} 0
tagger_queries{cardinality="low",status="empty_tags"} 0
tagger_queries{cardinality="low",status="success"} 129497
tagger_queries{cardinality="none",status="empty_entity_id"} 0
tagger_queries{cardinality="none",status="empty_tags"} 0
tagger_queries{cardinality="none",status="success"} 0
tagger_queries{cardinality="orchestrator",status="empty_entity_id"} 0
tagger_queries{cardinality="orchestrator",status="empty_tags"} 0
tagger_queries{cardinality="orchestrator",status="success"} 438
tagger_queries{cardinality="unknown",status="empty_entity_id"} 0
tagger_queries{cardinality="unknown",status="empty_tags"} 0
tagger_queries{cardinality="unknown",status="success"} 0
tagger_sends 21
tagger_stored_entities{prefix="container_id",source="workloadmeta-container"} 21
tagger_stored_entities{prefix="container_id",source="workloadmeta-kubernetes_pod"} 21
tagger_stored_entities{prefix="container_image_metadata",source="workloadmeta-container_image_metadata"} 26
tagger_stored_entities{prefix="kubernetes_pod_uid",source="workloadmeta-kubernetes_pod"} 13
tagger_subscribers 3
tagger_updated_entities 155
trace__enabled 1
trace__working 0
transaction_container__current_mem_size_in_bytes{domain="https://7-75-4-app.agent.datadoghq.com."} 0
transaction_container__current_mem_size_in_bytes{domain="https://orchestrator.datadoghq.com"} 0
transaction_container__current_mem_size_in_bytes{domain="https://process.datadoghq.com."} 0
transaction_container__transactions_count{domain="https://7-75-4-app.agent.datadoghq.com."} 0
transaction_container__transactions_count{domain="https://orchestrator.datadoghq.com"} 0
transaction_container__transactions_count{domain="https://process.datadoghq.com."} 0
transactions__connection_events{connection_event_type="connection_success"} 3
transactions__connection_events{connection_event_type="dns_lookup_success"} 3
transactions__input_bytes{domain="https://7-75-4-app.agent.datadoghq.com.",endpoint="check_run_v1"} 9191
transactions__input_bytes{domain="https://7-75-4-app.agent.datadoghq.com.",endpoint="intake"} 10446
transactions__input_bytes{domain="https://7-75-4-app.agent.datadoghq.com.",endpoint="metadata_v1"} 52722
transactions__input_bytes{domain="https://7-75-4-app.agent.datadoghq.com.",endpoint="series_v2"} 3.537881e+06
transactions__input_bytes{domain="https://orchestrator.datadoghq.com",endpoint="orchestrator"} 9074
transactions__input_bytes{domain="https://orchestrator.datadoghq.com",endpoint="orchmanifest"} 31230
transactions__input_bytes{domain="https://process.datadoghq.com.",endpoint="process"} 129960
transactions__input_count{domain="https://7-75-4-app.agent.datadoghq.com.",endpoint="check_run_v1"} 8
transactions__input_count{domain="https://7-75-4-app.agent.datadoghq.com.",endpoint="intake"} 8
transactions__input_count{domain="https://7-75-4-app.agent.datadoghq.com.",endpoint="metadata_v1"} 7
transactions__input_count{domain="https://7-75-4-app.agent.datadoghq.com.",endpoint="series_v2"} 21
transactions__input_count{domain="https://orchestrator.datadoghq.com",endpoint="orchestrator"} 3
transactions__input_count{domain="https://orchestrator.datadoghq.com",endpoint="orchmanifest"} 3
transactions__input_count{domain="https://process.datadoghq.com.",endpoint="process"} 12
transactions__retry_queue_size{domain="https://7-75-4-app.agent.datadoghq.com."} 0
transactions__retry_queue_size{domain="https://orchestrator.datadoghq.com"} 0
transactions__retry_queue_size{domain="https://process.datadoghq.com."} 0
transactions__success{domain="https://7-75-4-app.agent.datadoghq.com.",endpoint="check_run_v1",proto_version="HTTP/1.1"} 8
transactions__success{domain="https://7-75-4-app.agent.datadoghq.com.",endpoint="intake",proto_version="HTTP/1.1"} 8
transactions__success{domain="https://7-75-4-app.agent.datadoghq.com.",endpoint="metadata_v1",proto_version="HTTP/1.1"} 7
transactions__success{domain="https://7-75-4-app.agent.datadoghq.com.",endpoint="series_v2",proto_version="HTTP/1.1"} 21
transactions__success{domain="https://orchestrator.datadoghq.com",endpoint="orchestrator",proto_version="HTTP/2.0"} 3
transactions__success{domain="https://orchestrator.datadoghq.com",endpoint="orchmanifest",proto_version="HTTP/2.0"} 3
transactions__success{domain="https://process.datadoghq.com.",endpoint="process",proto_version="HTTP/1.1"} 12
transactions__success_bytes{domain="https://7-75-4-app.agent.datadoghq.com.",endpoint="check_run_v1"} 9191
transactions__success_bytes{domain="https://7-75-4-app.agent.datadoghq.com.",endpoint="intake"} 10446
transactions__success_bytes{domain="https://7-75-4-app.agent.datadoghq.com.",endpoint="metadata_v1"} 52722
transactions__success_bytes{domain="https://7-75-4-app.agent.datadoghq.com.",endpoint="series_v2"} 3.537881e+06
transactions__success_bytes{domain="https://orchestrator.datadoghq.com",endpoint="orchestrator"} 9074
transactions__success_bytes{domain="https://orchestrator.datadoghq.com",endpoint="orchmanifest"} 31230
transactions__success_bytes{domain="https://process.datadoghq.com.",endpoint="process"} 129960
workloadmeta_events_received{kind="container",source="node_orchestrator"} 485
workloadmeta_events_received{kind="container",source="runtime"} 17
workloadmeta_events_received{kind="container_image_metadata",source="runtime"} 26
workloadmeta_events_received{kind="kubelet",source="node_orchestrator"} 1
workloadmeta_events_received{kind="kubelet_metrics",source=""} 25
workloadmeta_events_received{kind="kubernetes_pod",source="cluster_orchestrator"} 24
workloadmeta_events_received{kind="kubernetes_pod",source="node_orchestrator"} 305
workloadmeta_events_received{kind="process",source="process_collector"} 73
workloadmeta_events_received{kind="process",source="service_discovery"} 62
workloadmeta_notifications_sent{status="success",subscriber_name="ad-kubecontainerprovider"} 6
workloadmeta_notifications_sent{status="success",subscriber_name="ad-kubeletlistener"} 6
workloadmeta_notifications_sent{status="success",subscriber_name="container_lifecycle-pod"} 1
workloadmeta_notifications_sent{status="success",subscriber_name="stream-client"} 20
workloadmeta_notifications_sent{status="success",subscriber_name="tagger-workloadmeta"} 14
workloadmeta_pull_duration_bucket{collector_id="docker",le="0.25"} 25
workloadmeta_pull_duration_bucket{collector_id="docker",le="0.5"} 25
workloadmeta_pull_duration_bucket{collector_id="docker",le="0.75"} 25
workloadmeta_pull_duration_bucket{collector_id="docker",le="1"} 25
workloadmeta_pull_duration_bucket{collector_id="docker",le="2"} 25
workloadmeta_pull_duration_bucket{collector_id="docker",le="5"} 25
workloadmeta_pull_duration_bucket{collector_id="docker",le="10"} 25
workloadmeta_pull_duration_bucket{collector_id="docker",le="15"} 25
workloadmeta_pull_duration_bucket{collector_id="docker",le="30"} 25
workloadmeta_pull_duration_bucket{collector_id="docker",le="45"} 25
workloadmeta_pull_duration_bucket{collector_id="docker",le="60"} 25
workloadmeta_pull_duration_bucket{collector_id="docker",le="+Inf"} 25
workloadmeta_pull_duration_sum{collector_id="docker"} 0.11428191900000002
workloadmeta_pull_duration_count{collector_id="docker"} 25
workloadmeta_pull_duration_bucket{collector_id="kube_metadata",le="0.25"} 21
workloadmeta_pull_duration_bucket{collector_id="kube_metadata",le="0.5"} 21
workloadmeta_pull_duration_bucket{collector_id="kube_metadata",le="0.75"} 21
workloadmeta_pull_duration_bucket{collector_id="kube_metadata",le="1"} 21
workloadmeta_pull_duration_bucket{collector_id="kube_metadata",le="2"} 21
workloadmeta_pull_duration_bucket{collector_id="kube_metadata",le="5"} 21
workloadmeta_pull_duration_bucket{collector_id="kube_metadata",le="10"} 21
workloadmeta_pull_duration_bucket{collector_id="kube_metadata",le="15"} 21
workloadmeta_pull_duration_bucket{collector_id="kube_metadata",le="30"} 21
workloadmeta_pull_duration_bucket{collector_id="kube_metadata",le="45"} 21
workloadmeta_pull_duration_bucket{collector_id="kube_metadata",le="60"} 21
workloadmeta_pull_duration_bucket{collector_id="kube_metadata",le="+Inf"} 21
workloadmeta_pull_duration_sum{collector_id="kube_metadata"} 0.08355333500000002
workloadmeta_pull_duration_count{collector_id="kube_metadata"} 21
workloadmeta_pull_duration_bucket{collector_id="kubelet",le="0.25"} 24
workloadmeta_pull_duration_bucket{collector_id="kubelet",le="0.5"} 24
workloadmeta_pull_duration_bucket{collector_id="kubelet",le="0.75"} 24
workloadmeta_pull_duration_bucket{collector_id="kubelet",le="1"} 24
workloadmeta_pull_duration_bucket{collector_id="kubelet",le="2"} 25
workloadmeta_pull_duration_bucket{collector_id="kubelet",le="5"} 25
workloadmeta_pull_duration_bucket{collector_id="kubelet",le="10"} 25
workloadmeta_pull_duration_bucket{collector_id="kubelet",le="15"} 25
workloadmeta_pull_duration_bucket{collector_id="kubelet",le="30"} 25
workloadmeta_pull_duration_bucket{collector_id="kubelet",le="45"} 25
workloadmeta_pull_duration_bucket{collector_id="kubelet",le="60"} 25
workloadmeta_pull_duration_bucket{collector_id="kubelet",le="+Inf"} 25
workloadmeta_pull_duration_sum{collector_id="kubelet"} 2.42402875
workloadmeta_pull_duration_count{collector_id="kubelet"} 25
workloadmeta_pull_duration_bucket{collector_id="process-collector",le="0.25"} 25
workloadmeta_pull_duration_bucket{collector_id="process-collector",le="0.5"} 25
workloadmeta_pull_duration_bucket{collector_id="process-collector",le="0.75"} 25
workloadmeta_pull_duration_bucket{collector_id="process-collector",le="1"} 25
workloadmeta_pull_duration_bucket{collector_id="process-collector",le="2"} 25
workloadmeta_pull_duration_bucket{collector_id="process-collector",le="5"} 25
workloadmeta_pull_duration_bucket{collector_id="process-collector",le="10"} 25
workloadmeta_pull_duration_bucket{collector_id="process-collector",le="15"} 25
workloadmeta_pull_duration_bucket{collector_id="process-collector",le="30"} 25
workloadmeta_pull_duration_bucket{collector_id="process-collector",le="45"} 25
workloadmeta_pull_duration_bucket{collector_id="process-collector",le="60"} 25
workloadmeta_pull_duration_bucket{collector_id="process-collector",le="+Inf"} 25
workloadmeta_pull_duration_sum{collector_id="process-collector"} 0.080281251
workloadmeta_pull_duration_count{collector_id="process-collector"} 25
workloadmeta_stored_entities{kind="container",source="node_orchestrator"} 19
workloadmeta_stored_entities{kind="container",source="runtime"} 15
workloadmeta_stored_entities{kind="container_image_metadata",source="runtime"} 26
workloadmeta_stored_entities{kind="kubelet",source="node_orchestrator"} 1
workloadmeta_stored_entities{kind="kubelet_metrics",source=""} 1
workloadmeta_stored_entities{kind="kubernetes_pod",source="cluster_orchestrator"} 12
workloadmeta_stored_entities{kind="kubernetes_pod",source="node_orchestrator"} 12
workloadmeta_stored_entities{kind="process",source="process_collector"} 63
workloadmeta_stored_entities{kind="process",source="service_discovery"} 62
workloadmeta_subscribers 10