ebpf__core__load__success{arch="aarch64",asset="conntrack",btf_type="default",kernel="6.12.65-linuxkit",platform="debian",platform_version="12"} 1
ebpf__core__load__success{arch="aarch64",asset="tracer",btf_type="default",kernel="6.12.65-linuxkit",platform="debian",platform_version="12"} 1
ebpf__maps__cleaner__aborts{api="batch",map_name="tcp_ongoing_connect_pid",module="npm_tracer"} 0
ebpf__maps__cleaner__aborts{api="batch",map_name="tls_enhanced_tags",module="npm_tracer"} 0
ebpf__maps__cleaner__aborts{api="single",map_name="connection_protocol",module="npm_tracer"} 0
ebpf__maps__cleaner__deleted{api="batch",map_name="connection_protocol",module="npm_tracer"} 0
ebpf__maps__cleaner__deleted{api="batch",map_name="tcp_ongoing_connect_pid",module="npm_tracer"} 0
ebpf__maps__cleaner__deleted{api="batch",map_name="tls_enhanced_tags",module="npm_tracer"} 0
ebpf__maps__cleaner__deleted{api="single",map_name="connection_protocol",module="npm_tracer"} 0
ebpf__maps__cleaner__deleted{api="single",map_name="tcp_ongoing_connect_pid",module="npm_tracer"} 0
ebpf__maps__cleaner__deleted{api="single",map_name="tls_enhanced_tags",module="npm_tracer"} 0
ebpf__maps__cleaner__elapsed_bucket{api="batch",map_name="tcp_ongoing_connect_pid",module="npm_tracer",le="10"} 0
ebpf__maps__cleaner__elapsed_bucket{api="batch",map_name="tcp_ongoing_connect_pid",module="npm_tracer",le="25"} 0
ebpf__maps__cleaner__elapsed_bucket{api="batch",map_name="tcp_ongoing_connect_pid",module="npm_tracer",le="50"} 0
ebpf__maps__cleaner__elapsed_bucket{api="batch",map_name="tcp_ongoing_connect_pid",module="npm_tracer",le="75"} 0
ebpf__maps__cleaner__elapsed_bucket{api="batch",map_name="tcp_ongoing_connect_pid",module="npm_tracer",le="100"} 0
ebpf__maps__cleaner__elapsed_bucket{api="batch",map_name="tcp_ongoing_connect_pid",module="npm_tracer",le="250"} 0
ebpf__maps__cleaner__elapsed_bucket{api="batch",map_name="tcp_ongoing_connect_pid",module="npm_tracer",le="500"} 0
ebpf__maps__cleaner__elapsed_bucket{api="batch",map_name="tcp_ongoing_connect_pid",module="npm_tracer",le="1000"} 0
ebpf__maps__cleaner__elapsed_bucket{api="batch",map_name="tcp_ongoing_connect_pid",module="npm_tracer",le="10000"} 0
ebpf__maps__cleaner__elapsed_bucket{api="batch",map_name="tcp_ongoing_connect_pid",module="npm_tracer",le="+Inf"} 0
ebpf__maps__cleaner__elapsed_sum{api="batch",map_name="tcp_ongoing_connect_pid",module="npm_tracer"} 0
ebpf__maps__cleaner__elapsed_count{api="batch",map_name="tcp_ongoing_connect_pid",module="npm_tracer"} 0
ebpf__maps__cleaner__elapsed_bucket{api="batch",map_name="tls_enhanced_tags",module="npm_tracer",le="10"} 0
ebpf__maps__cleaner__elapsed_bucket{api="batch",map_name="tls_enhanced_tags",module="npm_tracer",le="25"} 0
ebpf__maps__cleaner__elapsed_bucket{api="batch",map_name="tls_enhanced_tags",module="npm_tracer",le="50"} 0
ebpf__maps__cleaner__elapsed_bucket{api="batch",map_name="tls_enhanced_tags",module="npm_tracer",le="75"} 0
ebpf__maps__cleaner__elapsed_bucket{api="batch",map_name="tls_enhanced_tags",module="npm_tracer",le="100"} 0
ebpf__maps__cleaner__elapsed_bucket{api="batch",map_name="tls_enhanced_tags",module="npm_tracer",le="250"} 0
ebpf__maps__cleaner__elapsed_bucket{api="batch",map_name="tls_enhanced_tags",module="npm_tracer",le="500"} 0
ebpf__maps__cleaner__elapsed_bucket{api="batch",map_name="tls_enhanced_tags",module="npm_tracer",le="1000"} 1
ebpf__maps__cleaner__elapsed_bucket{api="batch",map_name="tls_enhanced_tags",module="npm_tracer",le="10000"} 1
ebpf__maps__cleaner__elapsed_bucket{api="batch",map_name="tls_enhanced_tags",module="npm_tracer",le="+Inf"} 1
ebpf__maps__cleaner__elapsed_sum{api="batch",map_name="tls_enhanced_tags",module="npm_tracer"} 520
ebpf__maps__cleaner__elapsed_count{api="batch",map_name="tls_enhanced_tags",module="npm_tracer"} 1
ebpf__maps__cleaner__elapsed_bucket{api="single",map_name="connection_protocol",module="npm_tracer",le="10"} 0
ebpf__maps__cleaner__elapsed_bucket{api="single",map_name="connection_protocol",module="npm_tracer",le="25"} 0
ebpf__maps__cleaner__elapsed_bucket{api="single",map_name="connection_protocol",module="npm_tracer",le="50"} 0
ebpf__maps__cleaner__elapsed_bucket{api="single",map_name="connection_protocol",module="npm_tracer",le="75"} 0
ebpf__maps__cleaner__elapsed_bucket{api="single",map_name="connection_protocol",module="npm_tracer",le="100"} 0
ebpf__maps__cleaner__elapsed_bucket{api="single",map_name="connection_protocol",module="npm_tracer",le="250"} 0
ebpf__maps__cleaner__elapsed_bucket{api="single",map_name="connection_protocol",module="npm_tracer",le="500"} 0
ebpf__maps__cleaner__elapsed_bucket{api="single",map_name="connection_protocol",module="npm_tracer",le="1000"} 1
ebpf__maps__cleaner__elapsed_bucket{api="single",map_name="connection_protocol",module="npm_tracer",le="10000"} 1
ebpf__maps__cleaner__elapsed_bucket{api="single",map_name="connection_protocol",module="npm_tracer",le="+Inf"} 1
ebpf__maps__cleaner__elapsed_sum{api="single",map_name="connection_protocol",module="npm_tracer"} 625
ebpf__maps__cleaner__elapsed_count{api="single",map_name="connection_protocol",module="npm_tracer"} 1
ebpf__maps__cleaner__examined{api="batch",map_name="tcp_ongoing_connect_pid",module="npm_tracer"} 0
ebpf__maps__cleaner__examined{api="batch",map_name="tls_enhanced_tags",module="npm_tracer"} 84
ebpf__maps__cleaner__examined{api="single",map_name="connection_protocol",module="npm_tracer"} 176
go_cgo_go_to_c_calls_calls_total 37
go_cpu_classes_gc_mark_assist_cpu_seconds_total 0.006311628
go_cpu_classes_gc_mark_dedicated_cpu_seconds_total 0.027201171
go_cpu_classes_gc_mark_idle_cpu_seconds_total 0.059668541
go_cpu_classes_gc_pause_cpu_seconds_total 0.001956832
go_cpu_classes_gc_total_cpu_seconds_total 0.095138172
go_cpu_classes_idle_cpu_seconds_total 202.187255322
go_cpu_classes_scavenge_assist_cpu_seconds_total 1.67e-07
go_cpu_classes_scavenge_background_cpu_seconds_total 0.000579918
go_cpu_classes_scavenge_total_cpu_seconds_total 0.000580085
go_cpu_classes_total_cpu_seconds_total 219.147903434
go_cpu_classes_user_cpu_seconds_total 16.864929855
go_gc_cycles_automatic_gc_cycles_total 11
go_gc_cycles_forced_gc_cycles_total 0
go_gc_cycles_total_gc_cycles_total 11
go_gc_duration_seconds{quantile="0"} 1.25e-05
go_gc_duration_seconds{quantile="0.25"} 3.9209e-05
go_gc_duration_seconds{quantile="0.5"} 7.7416e-05
go_gc_duration_seconds{quantile="0.75"} 0.000130375
go_gc_duration_seconds{quantile="1"} 0.000333417
go_gc_duration_seconds_sum 0.001151916
go_gc_duration_seconds_count 11
go_gc_gogc_percent 100
go_gc_gomemlimit_bytes 9.223372036854776e+18
go_gc_heap_allocs_by_size_bytes_bucket{le="8.999999999999998"} 24653
go_gc_heap_allocs_by_size_bytes_bucket{le="24.999999999999996"} 800573
go_gc_heap_allocs_by_size_bytes_bucket{le="64.99999999999999"} 1.529016e+06
go_gc_heap_allocs_by_size_bytes_bucket{le="144.99999999999997"} 1.603079e+06
go_gc_heap_allocs_by_size_bytes_bucket{le="320.99999999999994"} 1.632828e+06
go_gc_heap_allocs_by_size_bytes_bucket{le="704.9999999999999"} 1.646876e+06
go_gc_heap_allocs_by_size_bytes_bucket{le="1536.9999999999998"} 1.656806e+06
go_gc_heap_allocs_by_size_bytes_bucket{le="3200.9999999999995"} 1.664048e+06
go_gc_heap_allocs_by_size_bytes_bucket{le="6528.999999999999"} 1.671223e+06
go_gc_heap_allocs_by_size_bytes_bucket{le="13568.999999999998"} 1.672953e+06
go_gc_heap_allocs_by_size_bytes_bucket{le="27264.999999999996"} 1.673772e+06
go_gc_heap_allocs_by_size_bytes_bucket{le="+Inf"} 1.674308e+06
go_gc_heap_allocs_by_size_bytes_sum 2.38546808e+08
go_gc_heap_allocs_by_size_bytes_count 1.674308e+06
go_gc_heap_allocs_bytes_total 2.38546808e+08
go_gc_heap_allocs_objects_total 1.674308e+06
go_gc_heap_frees_by_size_bytes_bucket{le="8.999999999999998"} 18537
go_gc_heap_frees_by_size_bytes_bucket{le="24.999999999999996"} 694431
go_gc_heap_frees_by_size_bytes_bucket{le="64.99999999999999"} 1.327294e+06
go_gc_heap_frees_by_size_bytes_bucket{le="144.99999999999997"} 1.38231e+06
go_gc_heap_frees_by_size_bytes_bucket{le="320.99999999999994"} 1.404355e+06
go_gc_heap_frees_by_size_bytes_bucket{le="704.9999999999999"} 1.416606e+06
go_gc_heap_frees_by_size_bytes_bucket{le="1536.9999999999998"} 1.425817e+06
go_gc_heap_frees_by_size_bytes_bucket{le="3200.9999999999995"} 1.43054e+06
go_gc_heap_frees_by_size_bytes_bucket{le="6528.999999999999"} 1.437422e+06
go_gc_heap_frees_by_size_bytes_bucket{le="13568.999999999998"} 1.439005e+06
go_gc_heap_frees_by_size_bytes_bucket{le="27264.999999999996"} 1.439733e+06
go_gc_heap_frees_by_size_bytes_bucket{le="+Inf"} 1.440179e+06
go_gc_heap_frees_by_size_bytes_sum 2.07679608e+08
go_gc_heap_frees_by_size_bytes_count 1.440179e+06
go_gc_heap_frees_bytes_total 2.07679608e+08
go_gc_heap_frees_objects_total 1.440179e+06
go_gc_heap_goal_bytes 4.8260626e+07
go_gc_heap_live_bytes 2.0977488e+07
go_gc_heap_objects_objects 234129
go_gc_heap_tiny_allocs_objects_total 379237
go_gc_limiter_last_enabled_gc_cycle 0
go_gc_pauses_seconds_bucket{le="6.399999999999999e-08"} 0
go_gc_pauses_seconds_bucket{le="6.399999999999999e-07"} 0
go_gc_pauses_seconds_bucket{le="7.167999999999999e-06"} 6
go_gc_pauses_seconds_bucket{le="8.191999999999999e-05"} 20
go_gc_pauses_seconds_bucket{le="0.0009175039999999999"} 22
go_gc_pauses_seconds_bucket{le="0.010485759999999998"} 22
go_gc_pauses_seconds_bucket{le="0.11744051199999998"} 22
go_gc_pauses_seconds_bucket{le="+Inf"} 22
go_gc_pauses_seconds_sum 0.00026803199999999997
go_gc_pauses_seconds_count 22
go_gc_scan_globals_bytes 6.201346e+06
go_gc_scan_heap_bytes 1.7157648e+07
go_gc_scan_stack_bytes 104304
go_gc_scan_total_bytes 2.3463298e+07
go_gc_stack_starting_size_bytes 2048
go_goroutines 116
go_info{version="go1.25.7"} 1
go_memory_classes_heap_free_bytes 1.7195008e+07
go_memory_classes_heap_objects_bytes 3.08672e+07
go_memory_classes_heap_released_bytes 4.128768e+07
go_memory_classes_heap_stacks_bytes 1.14688e+06
go_memory_classes_heap_unused_bytes 5.972224e+06
go_memory_classes_metadata_mcache_free_bytes 13288
go_memory_classes_metadata_mcache_inuse_bytes 2416
go_memory_classes_metadata_mspan_free_bytes 644000
go_memory_classes_metadata_mspan_inuse_bytes 465760
go_memory_classes_metadata_other_bytes 5.039392e+06
go_memory_classes_os_stacks_bytes 0
go_memory_classes_other_bytes 736959
go_memory_classes_profiling_buckets_bytes 1.669355e+06
go_memory_classes_total_bytes 1.05040162e+08
go_memstats_alloc_bytes 3.08672e+07
go_memstats_alloc_bytes_total 2.38546808e+08
go_memstats_buck_hash_sys_bytes 1.669355e+06
go_memstats_frees_total 1.819416e+06
go_memstats_gc_sys_bytes 5.039392e+06
go_memstats_heap_alloc_bytes 3.08672e+07
go_memstats_heap_idle_bytes 5.8482688e+07
go_memstats_heap_inuse_bytes 3.6839424e+07
go_memstats_heap_objects 234129
go_memstats_heap_released_bytes 4.128768e+07
go_memstats_heap_sys_bytes 9.5322112e+07
go_memstats_last_gc_time_seconds 1.7721317247147503e+09
go_memstats_mallocs_total 2.053545e+06
go_memstats_mcache_inuse_bytes 2416
go_memstats_mcache_sys_bytes 15704
go_memstats_mspan_inuse_bytes 465760
go_memstats_mspan_sys_bytes 1.10976e+06
go_memstats_next_gc_bytes 4.8260626e+07
go_memstats_other_sys_bytes 736959
go_memstats_stack_inuse_bytes 1.14688e+06
go_memstats_stack_sys_bytes 1.14688e+06
go_memstats_sys_bytes 1.05040162e+08
go_sched_gomaxprocs_threads 2
go_sched_goroutines_goroutines 116
go_sched_latencies_seconds_bucket{le="6.399999999999999e-08"} 7270
go_sched_latencies_seconds_bucket{le="6.399999999999999e-07"} 7711
go_sched_latencies_seconds_bucket{le="7.167999999999999e-06"} 7912
go_sched_latencies_seconds_bucket{le="8.191999999999999e-05"} 8238
go_sched_latencies_seconds_bucket{le="0.0009175039999999999"} 8300
go_sched_latencies_seconds_bucket{le="0.010485759999999998"} 8324
go_sched_latencies_seconds_bucket{le="0.11744051199999998"} 8326
go_sched_latencies_seconds_bucket{le="+Inf"} 8326
go_sched_latencies_seconds_sum 0.050564288
go_sched_latencies_seconds_count 8326
go_sched_pauses_stopping_gc_seconds_bucket{le="6.399999999999999e-08"} 0
go_sched_pauses_stopping_gc_seconds_bucket{le="6.399999999999999e-07"} 9
go_sched_pauses_stopping_gc_seconds_bucket{le="7.167999999999999e-06"} 16
go_sched_pauses_stopping_gc_seconds_bucket{le="8.191999999999999e-05"} 21
go_sched_pauses_stopping_gc_seconds_bucket{le="0.0009175039999999999"} 22
go_sched_pauses_stopping_gc_seconds_bucket{le="0.010485759999999998"} 22
go_sched_pauses_stopping_gc_seconds_bucket{le="0.11744051199999998"} 22
go_sched_pauses_stopping_gc_seconds_bucket{le="+Inf"} 22
go_sched_pauses_stopping_gc_seconds_sum 0.00012281599999999998
go_sched_pauses_stopping_gc_seconds_count 22
go_sched_pauses_stopping_other_seconds_bucket{le="6.399999999999999e-08"} 0
go_sched_pauses_stopping_other_seconds_bucket{le="6.399999999999999e-07"} 0
go_sched_pauses_stopping_other_seconds_bucket{le="7.167999999999999e-06"} 0
go_sched_pauses_stopping_other_seconds_bucket{le="8.191999999999999e-05"} 0
go_sched_pauses_stopping_other_seconds_bucket{le="0.0009175039999999999"} 0
go_sched_pauses_stopping_other_seconds_bucket{le="0.010485759999999998"} 0
go_sched_pauses_stopping_other_seconds_bucket{le="0.11744051199999998"} 0
go_sched_pauses_stopping_other_seconds_bucket{le="+Inf"} 0
go_sched_pauses_stopping_other_seconds_sum 0
go_sched_pauses_stopping_other_seconds_count 0
go_sched_pauses_total_gc_seconds_bucket{le="6.399999999999999e-08"} 0
go_sched_pauses_total_gc_seconds_bucket{le="6.399999999999999e-07"} 0
go_sched_pauses_total_gc_seconds_bucket{le="7.167999999999999e-06"} 6
go_sched_pauses_total_gc_seconds_bucket{le="8.191999999999999e-05"} 20
go_sched_pauses_total_gc_seconds_bucket{le="0.0009175039999999999"} 22
go_sched_pauses_total_gc_seconds_bucket{le="0.010485759999999998"} 22
go_sched_pauses_total_gc_seconds_bucket{le="0.11744051199999998"} 22
go_sched_pauses_total_gc_seconds_bucket{le="+Inf"} 22
go_sched_pauses_total_gc_seconds_sum 0.00026803199999999997
go_sched_pauses_total_gc_seconds_count 22
go_sched_pauses_total_other_seconds_bucket{le="6.399999999999999e-08"} 0
go_sched_pauses_total_other_seconds_bucket{le="6.399999999999999e-07"} 0
go_sched_pauses_total_other_seconds_bucket{le="7.167999999999999e-06"} 0
go_sched_pauses_total_other_seconds_bucket{le="8.191999999999999e-05"} 0
go_sched_pauses_total_other_seconds_bucket{le="0.0009175039999999999"} 0
go_sched_pauses_total_other_seconds_bucket{le="0.010485759999999998"} 0
go_sched_pauses_total_other_seconds_bucket{le="0.11744051199999998"} 0
go_sched_pauses_total_other_seconds_bucket{le="+Inf"} 0
go_sched_pauses_total_other_seconds_sum 0
go_sched_pauses_total_other_seconds_count 0
go_sync_mutex_wait_total_seconds_total 0.314775328
go_threads 12
language_detection__detect_language_ms_bucket{le="5"} 14
language_detection__detect_language_ms_bucket{le="10"} 14
language_detection__detect_language_ms_bucket{le="25"} 14
language_detection__detect_language_ms_bucket{le="50"} 14
language_detection__detect_language_ms_bucket{le="100"} 14
language_detection__detect_language_ms_bucket{le="250"} 14
language_detection__detect_language_ms_bucket{le="500"} 14
language_detection__detect_language_ms_bucket{le="1000"} 14
language_detection__detect_language_ms_bucket{le="2500"} 14
language_detection__detect_language_ms_bucket{le="5000"} 14
language_detection__detect_language_ms_bucket{le="10000"} 14
language_detection__detect_language_ms_bucket{le="+Inf"} 14
language_detection__detect_language_ms_sum 0
language_detection__detect_language_ms_count 14
network_tracer__closed_conns{ip_proto="TCP"} 2184
network_tracer__closed_conns{ip_proto="UDP"} 365
network_tracer__conn_stats_map_size 250
network_tracer__dns__decoding_errors 6
network_tracer__dns__errors 154
network_tracer__dns__queries 689
network_tracer__dns__successes 535
network_tracer__dns_cache__added 66
network_tracer__dns_cache__expired 25
network_tracer__dns_cache__hits 64
network_tracer__dns_cache__lookups 152
network_tracer__dns_cache__size 41
network_tracer__dns_stat_keeper__processed_stats 594
network_tracer__ebpf__closed_conn_flush_received 5
network_tracer__ebpf__closed_conn_polling_received 2333
network_tracer__ebpf__connections{family="v4",ip_proto="tcp"} 208
network_tracer__ebpf__connections{family="v4",ip_proto="udp"} 28
network_tracer__ebpf__connections{family="v6",ip_proto="tcp"} 4
network_tracer__ebpf__connections{family="v6",ip_proto="udp"} 10
network_tracer__ebpf__tcp_close_connection_flush 1078
network_tracer__ebpf__tcp_close_target_failures 0
network_tracer__ebpf__tcp_connect_failed_tuple 0
network_tracer__ebpf__tcp_done_connection_flush 53
network_tracer__ebpf__tcp_done_failed_tuple 0
network_tracer__ebpf__tcp_done_missing_pid 885
network_tracer__ebpf__tcp_failed_connections{errno="32"} 584
network_tracer__ebpf__tcp_finish_connect_failed_tuple 0
network_tracer__ebpf__tcp_sent_miscounts 0
network_tracer__ebpf__tcp_syn_retransmit 0
network_tracer__ebpf__udp_dropped_conns 6
network_tracer__ebpf__udp_sends_missed 0
network_tracer__ebpf__udp_sends_processed 854
network_tracer__ebpf__unbatched_tcp_close 0
network_tracer__ebpf__unbatched_udp_close 0
network_tracer__ebpf_conntracker__gets_duration_nanoseconds_bucket{le="10"} 0
network_tracer__ebpf_conntracker__gets_duration_nanoseconds_bucket{le="25"} 0
network_tracer__ebpf_conntracker__gets_duration_nanoseconds_bucket{le="50"} 0
network_tracer__ebpf_conntracker__gets_duration_nanoseconds_bucket{le="75"} 0
network_tracer__ebpf_conntracker__gets_duration_nanoseconds_bucket{le="100"} 0
network_tracer__ebpf_conntracker__gets_duration_nanoseconds_bucket{le="250"} 0
network_tracer__ebpf_conntracker__gets_duration_nanoseconds_bucket{le="500"} 4
network_tracer__ebpf_conntracker__gets_duration_nanoseconds_bucket{le="1000"} 82
network_tracer__ebpf_conntracker__gets_duration_nanoseconds_bucket{le="10000"} 314
network_tracer__ebpf_conntracker__gets_duration_nanoseconds_bucket{le="+Inf"} 353
network_tracer__ebpf_conntracker__gets_duration_nanoseconds_sum 1.346875e+06
network_tracer__ebpf_conntracker__gets_duration_nanoseconds_count 353
network_tracer__ebpf_conntracker__gets_total 353
network_tracer__ebpf_conntracker__registers_total 166
network_tracer__ebpf_conntracker__unregisters_duration_nanoseconds_bucket{le="10"} 0
network_tracer__ebpf_conntracker__unregisters_duration_nanoseconds_bucket{le="25"} 0
network_tracer__ebpf_conntracker__unregisters_duration_nanoseconds_bucket{le="50"} 0
network_tracer__ebpf_conntracker__unregisters_duration_nanoseconds_bucket{le="75"} 0
network_tracer__ebpf_conntracker__unregisters_duration_nanoseconds_bucket{le="100"} 0
network_tracer__ebpf_conntracker__unregisters_duration_nanoseconds_bucket{le="250"} 0
network_tracer__ebpf_conntracker__unregisters_duration_nanoseconds_bucket{le="500"} 140
network_tracer__ebpf_conntracker__unregisters_duration_nanoseconds_bucket{le="1000"} 829
network_tracer__ebpf_conntracker__unregisters_duration_nanoseconds_bucket{le="10000"} 1164
network_tracer__ebpf_conntracker__unregisters_duration_nanoseconds_bucket{le="+Inf"} 1197
network_tracer__ebpf_conntracker__unregisters_duration_nanoseconds_sum 2.203026e+06
network_tracer__ebpf_conntracker__unregisters_duration_nanoseconds_count 1197
network_tracer__ebpf_conntracker__unregisters_total 510
network_tracer__filter__captured_packets 1405
network_tracer__filter__polled_packets 77
network_tracer__filter__processed_packets 1405
network_tracer__payload_conn_count{client_id="process-agent-unique-id",ip_proto="TCP"} 726
network_tracer__payload_conn_count{client_id="process-agent-unique-id",ip_proto="UDP"} 46
network_tracer__process_cache__cache_length 30
network_tracer__process_cache__events_skipped 530
network_tracer__skipped_conns{ip_proto="UDP"} 2
network_tracer__state__outgoing_direction_fixes 20
process_cpu_seconds_total 3.48
process_max_fds 1.048576e+06
process_network_receive_bytes_total 1.1470523e+07
process_network_transmit_bytes_total 7.377339e+06
process_open_fds 913
process_resident_memory_bytes 1.30433024e+08
process_start_time_seconds 1.77213161468e+09
process_virtual_memory_bytes 2.173124608e+09
process_virtual_memory_max_bytes 1.8446744073709552e+19
runtime_security__hash_resolver__cache_len 0
tagger_queries{cardinality="high",status="empty_entity_id"} 0
tagger_queries{cardinality="high",status="empty_tags"} 0
tagger_queries{cardinality="high",status="success"} 0
tagger_queries{cardinality="low",status="empty_entity_id"} 0
tagger_queries{cardinality="low",status="empty_tags"} 0
tagger_queries{cardinality="low",status="success"} 0
tagger_queries{cardinality="none",status="empty_entity_id"} 0
tagger_queries{cardinality="none",status="empty_tags"} 0
tagger_queries{cardinality="none",status="success"} 0
tagger_queries{cardinality="orchestrator",status="empty_entity_id"} 0
tagger_queries{cardinality="orchestrator",status="empty_tags"} 68
tagger_queries{cardinality="orchestrator",status="success"} 16
tagger_queries{cardinality="unknown",status="empty_entity_id"} 0
tagger_queries{cardinality="unknown",status="empty_tags"} 0
tagger_queries{cardinality="unknown",status="success"} 0
tagger_receives 7
tagger_stored_entities{prefix="container_id",source="remote"} 21
tagger_stored_entities{prefix="container_image_metadata",source="remote"} 26
tagger_stored_entities{prefix="kubernetes_pod_uid",source="remote"} 13
tagger_updated_entities 118
workloadmeta_events_received{kind="container",source="remote_workloadmeta"} 27
workloadmeta_events_received{kind="kubernetes_pod",source="remote_workloadmeta"} 30
workloadmeta_events_received{kind="process",source="remote_workloadmeta"} 135
workloadmeta_pull_duration_bucket{collector_id="remote-workloadmeta",le="0.25"} 26
workloadmeta_pull_duration_bucket{collector_id="remote-workloadmeta",le="0.5"} 26
workloadmeta_pull_duration_bucket{collector_id="remote-workloadmeta",le="0.75"} 26
workloadmeta_pull_duration_bucket{collector_id="remote-workloadmeta",le="1"} 26
workloadmeta_pull_duration_bucket{collector_id="remote-workloadmeta",le="2"} 26
workloadmeta_pull_duration_bucket{collector_id="remote-workloadmeta",le="5"} 26
workloadmeta_pull_duration_bucket{collector_id="remote-workloadmeta",le="10"} 26
workloadmeta_pull_duration_bucket{collector_id="remote-workloadmeta",le="15"} 26
workloadmeta_pull_duration_bucket{collector_id="remote-workloadmeta",le="30"} 26
workloadmeta_pull_duration_bucket{collector_id="remote-workloadmeta",le="45"} 26
workloadmeta_pull_duration_bucket{collector_id="remote-workloadmeta",le="60"} 26
workloadmeta_pull_duration_bucket{collector_id="remote-workloadmeta",le="+Inf"} 26
workloadmeta_pull_duration_sum{collector_id="remote-workloadmeta"} 0.000831833
workloadmeta_pull_duration_count{collector_id="remote-workloadmeta"} 26
workloadmeta_stored_entities{kind="container",source="remote_workloadmeta"} 19
workloadmeta_stored_entities{kind="kubernetes_pod",source="remote_workloadmeta"} 12
workloadmeta_stored_entities{kind="process",source="remote_workloadmeta"} 63